#
# There is insufficient memory for the Java Runtime Environment to continue.
# Native memory allocation (mmap) failed to map 134217728 bytes for Failed to commit area from 0x0000000081e00000 to 0x0000000089e00000 of length 134217728.
# Possible reasons:
#   The system is out of physical RAM or swap space
#   The process is running with CompressedOops enabled, and the Java Heap may be blocking the growth of the native heap
# Possible solutions:
#   Reduce memory load on the system
#   Increase physical memory or swap space
#   Check if swap backing store is full
#   Decrease Java heap size (-Xmx/-Xms)
#   Decrease number of Java threads
#   Decrease Java thread stack sizes (-Xss)
#   Set larger code cache with -XX:ReservedCodeCacheSize=
# This output file may be truncated or incomplete.
#
#  Out of Memory Error (./src/hotspot/os/windows/os_windows.cpp:3521), pid=460, tid=6484
#
# JRE version:  (11.0.12+7) (build )
# Java VM: OpenJDK 64-Bit Server VM (11.0.12+7-b1504.28-7817840, mixed mode, sharing, tiered, compressed oops, g1 gc, windows-amd64)
# No core dump will be written. Minidumps are not enabled by default on client versions of Windows
#

---------------  S U M M A R Y ------------

Command Line: org.jetbrains.kotlin.cli.jvm.K2JVMCompiler @E:\taquito\app\build\20221014_12307982826171114710.compiler.options

Host: Intel(R) Core(TM) i5-3320M CPU @ 2.60GHz, 4 cores, 7G,  Windows 10 , 64 bit Build 19041 (10.0.19041.1889)
Time: Fri Oct 14 18:18:13 2022 Hora estándar, América Central elapsed time: 0.064821 seconds (0d 0h 0m 0s)

---------------  T H R E A D  ---------------

Current thread (0x000002c494fcb000):  JavaThread "Unknown thread" [_thread_in_vm, id=6484, stack(0x000000cbea700000,0x000000cbea800000)]

Stack: [0x000000cbea700000,0x000000cbea800000]
Native frames: (J=compiled Java code, j=interpreted, Vv=VM code, C=native code)
V  [jvm.dll+0x5fbcea]
V  [jvm.dll+0x731905]
V  [jvm.dll+0x732f1d]
V  [jvm.dll+0x7335d3]
V  [jvm.dll+0x247bf8]
V  [jvm.dll+0x5f90b4]
V  [jvm.dll+0x5edc85]
V  [jvm.dll+0x305aeb]
V  [jvm.dll+0x305a5a]
V  [jvm.dll+0x305932]
V  [jvm.dll+0x30a896]
V  [jvm.dll+0x353803]
V  [jvm.dll+0x353f06]
V  [jvm.dll+0x353903]
V  [jvm.dll+0x2e0678]
V  [jvm.dll+0x2e1827]
V  [jvm.dll+0x710037]
V  [jvm.dll+0x71182c]
V  [jvm.dll+0x360da9]
V  [jvm.dll+0x6f390e]
V  [jvm.dll+0x3c9723]
V  [jvm.dll+0x3cb9b1]
C  [jli.dll+0x536b]
C  [ucrtbase.dll+0x21bb2]
C  [KERNEL32.DLL+0x17034]
C  [ntdll.dll+0x526a1]


---------------  P R O C E S S  ---------------

Threads class SMR info:
_java_thread_list=0x000002c4937310a0, length=0, elements={
}

Java Threads: ( => current thread )

Other Threads:
  0x000002c494fe4000 GCTaskThread "GC Thread#0" [stack: 0x000000cbea900000,0x000000cbeaa00000] [id=14208]
  0x000002c495014800 ConcurrentGCThread "G1 Main Marker" [stack: 0x000000cbeaa00000,0x000000cbeab00000] [id=8696]
  0x000002c495016800 ConcurrentGCThread "G1 Conc#0" [stack: 0x000000cbeab00000,0x000000cbeac00000] [id=10220]

[error occurred during error reporting (printing all threads), id 0xc0000005, EXCEPTION_ACCESS_VIOLATION (0xc0000005) at pc=0x00007ffa61ee0be7]

VM state:not at safepoint (not fully initialized)

VM Mutex/Monitor currently owned by a thread:  ([mutex/lock_event])
[0x000002c494fc8020] Heap_lock - owner thread: 0x000002c494fcb000

Heap address: 0x0000000081e00000, size: 2018 MB, Compressed Oops mode: Non-zero based: 0x0000000081e00000
Narrow klass base: 0x0000000000000000, Narrow klass shift: 0

GC Heap History (0 events):
No events

Deoptimization events (0 events):
No events

Classes redefined (0 events):
No events

Internal exceptions (0 events):
No events

Events (1 events):
Event: 0.057 Loaded shared library E:\Program Files\Android\Android Studio\jre\bin\zip.dll


Dynamic libraries:
0x00007ff688610000 - 0x00007ff68861a000 	E:\Program Files\Android\Android Studio\jre\bin\java.exe
0x00007ffa9a990000 - 0x00007ffa9ab88000 	C:\WINDOWS\SYSTEM32\ntdll.dll
0x00007ffa9a890000 - 0x00007ffa9a94d000 	C:\WINDOWS\System32\KERNEL32.DLL
0x00007ffa98120000 - 0x00007ffa983ee000 	C:\WINDOWS\System32\KERNELBASE.dll
0x00007ffa988f0000 - 0x00007ffa989f0000 	C:\WINDOWS\System32\ucrtbase.dll
0x00007ffa87f90000 - 0x00007ffa87fa9000 	E:\Program Files\Android\Android Studio\jre\bin\jli.dll
0x00007ffa99b60000 - 0x00007ffa99d00000 	C:\WINDOWS\System32\USER32.dll
0x00007ffa98870000 - 0x00007ffa98892000 	C:\WINDOWS\System32\win32u.dll
0x00007ffa99170000 - 0x00007ffa9919a000 	C:\WINDOWS\System32\GDI32.dll
0x00007ffa98690000 - 0x00007ffa9879b000 	C:\WINDOWS\System32\gdi32full.dll
0x00007ffa987a0000 - 0x00007ffa9883d000 	C:\WINDOWS\System32\msvcp_win.dll
0x00007ffa82e40000 - 0x00007ffa82e57000 	E:\Program Files\Android\Android Studio\jre\bin\VCRUNTIME140.dll
0x00007ffa869d0000 - 0x00007ffa86c6a000 	C:\WINDOWS\WinSxS\amd64_microsoft.windows.common-controls_6595b64144ccf1df_6.0.19041.1110_none_60b5254171f9507e\COMCTL32.dll
0x00007ffa989f0000 - 0x00007ffa98a8e000 	C:\WINDOWS\System32\msvcrt.dll
0x00007ffa99250000 - 0x00007ffa99280000 	C:\WINDOWS\System32\IMM32.DLL
0x00007ffa76f10000 - 0x00007ffa76fad000 	E:\Program Files\Android\Android Studio\jre\bin\msvcp140.dll
0x00007ffa61bf0000 - 0x00007ffa626d5000 	E:\Program Files\Android\Android Studio\jre\bin\server\jvm.dll
0x00007ffa99d20000 - 0x00007ffa99dce000 	C:\WINDOWS\System32\ADVAPI32.dll
0x00007ffa9a420000 - 0x00007ffa9a4bc000 	C:\WINDOWS\System32\sechost.dll
0x00007ffa99a30000 - 0x00007ffa99b55000 	C:\WINDOWS\System32\RPCRT4.dll
0x00007ffa9a310000 - 0x00007ffa9a318000 	C:\WINDOWS\System32\PSAPI.DLL
0x00007ffa94670000 - 0x00007ffa94679000 	C:\WINDOWS\SYSTEM32\WSOCK32.dll
0x00007ffa9a320000 - 0x00007ffa9a38b000 	C:\WINDOWS\System32\WS2_32.dll
0x00007ffa866d0000 - 0x00007ffa866f7000 	C:\WINDOWS\SYSTEM32\WINMM.dll
0x00007ffa89280000 - 0x00007ffa8928a000 	C:\WINDOWS\SYSTEM32\VERSION.dll
0x00007ffa95ec0000 - 0x00007ffa95ed2000 	C:\WINDOWS\SYSTEM32\kernel.appcore.dll
0x00007ffa94650000 - 0x00007ffa94661000 	E:\Program Files\Android\Android Studio\jre\bin\verify.dll
0x00007ffa85d30000 - 0x00007ffa85f14000 	C:\WINDOWS\SYSTEM32\DBGHELP.DLL
0x00007ffa84cb0000 - 0x00007ffa84cdc000 	C:\WINDOWS\SYSTEM32\dbgcore.DLL
0x00007ffa98600000 - 0x00007ffa98682000 	C:\WINDOWS\System32\bcryptPrimitives.dll
0x00007ffa8f180000 - 0x00007ffa8f1a9000 	E:\Program Files\Android\Android Studio\jre\bin\java.dll
0x00007ffa94520000 - 0x00007ffa9452b000 	E:\Program Files\Android\Android Studio\jre\bin\jimage.dll
0x00007ffa93af0000 - 0x00007ffa93b08000 	E:\Program Files\Android\Android Studio\jre\bin\zip.dll

dbghelp: loaded successfully - version: 4.0.5 - missing functions: none
symbol engine: initialized successfully - sym options: 0x614 - pdb path: .;E:\Program Files\Android\Android Studio\jre\bin;C:\WINDOWS\SYSTEM32;C:\WINDOWS\WinSxS\amd64_microsoft.windows.common-controls_6595b64144ccf1df_6.0.19041.1110_none_60b5254171f9507e;E:\Program Files\Android\Android Studio\jre\bin\server

VM Arguments:
java_command: org.jetbrains.kotlin.cli.jvm.K2JVMCompiler @E:\taquito\app\build\20221014_12307982826171114710.compiler.options
java_class_path (initial): C:\Users\Admin\.gradle\caches\modules-2\files-2.1\org.jetbrains.kotlin\kotlin-compiler-embeddable\1.6.10\88f2073f4020cdb83132cfe940ceb9a60aba54ea\kotlin-compiler-embeddable-1.6.10.jar;C:\Users\Admin\.gradle\caches\modules-2\files-2.1\org.jetbrains.kotlin\kotlin-reflect\1.6.10\1cbe9c92c12a94eea200d23c2bbaedaf3daf5132\kotlin-reflect-1.6.10.jar;C:\Users\Admin\.gradle\caches\modules-2\files-2.1\org.jetbrains.kotlin\kotlin-stdlib\1.6.10\b8af3fe6f1ca88526914929add63cf5e7c5049af\kotlin-stdlib-1.6.10.jar;C:\Users\Admin\.gradle\caches\modules-2\files-2.1\org.jetbrains.kotlin\kotlin-script-runtime\1.6.10\d0a7ff2e2500ef497ed0214ae40ad3c8387a6164\kotlin-script-runtime-1.6.10.jar;C:\Users\Admin\.gradle\caches\modules-2\files-2.1\org.jetbrains.kotlin\kotlin-daemon-embeddable\1.6.10\a56d79bcbea411fa6058e4ecffc2de73e742bd2a\kotlin-daemon-embeddable-1.6.10.jar;C:\Users\Admin\.gradle\caches\modules-2\files-2.1\org.jetbrains.intellij.deps\trove4j\1.0.20181211\216c2e14b070f334479d800987affe4054cd563f\trove4j-1.0.20181211.jar;C:\Users\Admin\.gradle\caches\modules-2\files-2.1\net.java.dev.jna\jna\5.6.0\330f2244e9030119ab3030fc3fededc86713d9cc\jna-5.6.0.jar;C:\Users\Admin\.gradle\caches\modules-2\files-2.1\org.jetbrains\annotations\13.0\919f0dfe192fb4e063e7dacadee7f8bb9a2672a9\annotations-13.0.jar;C:\Users\Admin\.gradle\caches\modules-2\files-2.1\org.jetbrains.kotlin\kotlin-stdlib-common\1.6.10\c118700e3a33c8a0d9adc920e9dec0831171925\kotlin-stdlib-common-1.6.10.jar
Launcher Type: SUN_STANDARD

[Global flags]
     intx CICompilerCount                          = 3                                         {product} {ergonomic}
     uint ConcGCThreads                            = 1                                         {product} {ergonomic}
     uint G1ConcRefinementThreads                  = 4                                         {product} {ergonomic}
   size_t G1HeapRegionSize                         = 1048576                                   {product} {ergonomic}
    uintx GCDrainStackTargetSize                   = 64                                        {product} {ergonomic}
   size_t InitialHeapSize                          = 134217728                                 {product} {ergonomic}
   size_t MarkStackSize                            = 4194304                                   {product} {ergonomic}
   size_t MaxHeapSize                              = 2116026368                                {product} {ergonomic}
   size_t MinHeapDeltaBytes                        = 1048576                                   {product} {ergonomic}
    uintx NonNMethodCodeHeapSize                   = 5830732                                {pd product} {ergonomic}
    uintx NonProfiledCodeHeapSize                  = 122913754                              {pd product} {ergonomic}
    uintx ProfiledCodeHeapSize                     = 122913754                              {pd product} {ergonomic}
    uintx ReservedCodeCacheSize                    = 251658240                              {pd product} {ergonomic}
     bool SegmentedCodeCache                       = true                                      {product} {ergonomic}
     bool UseCompressedClassPointers               = true                                 {lp64_product} {ergonomic}
     bool UseCompressedOops                        = true                                 {lp64_product} {ergonomic}
     bool UseG1GC                                  = true                                      {product} {ergonomic}
     bool UseLargePagesIndividualAllocation        = false                                  {pd product} {ergonomic}

Logging:
Log output configuration:
 #0: stdout all=warning uptime,level,tags
 #1: stderr all=off uptime,level,tags

Environment Variables:
JAVA_HOME=C:\Program Files\Java\jdk-11.0.1
PATH=C:\Python310\Scripts\;C:\Python310\;C:\Program Files\Common Files\Oracle\Java\javapath;C:\Python38\Scripts\;C:\Python38\;C:\Program Files (x86)\NVIDIA Corporation\PhysX\Common;C:\Program Files (x86)\Intel\iCLS Client\;C:\Program Files\Intel\iCLS Client\;C:\WINDOWS\system32;C:\WINDOWS;C:\WINDOWS\System32\Wbem;C:\WINDOWS\System32\WindowsPowerShell\v1.0\;C:\WINDOWS\System32\OpenSSH\;C:\Program Files\Intel\Intel(R) Management Engine Components\DAL;C:\Program Files\Intel\Intel(R) Management Engine Components\IPT;C:\Program Files (x86)\Intel\Intel(R) Management Engine Components\DAL;C:\Program Files (x86)\Intel\Intel(R) Management Engine Components\IPT;C:\Program Files\Java\jdk-11.0.1\bin;C:\ProgramData\chocolatey\bin;E:\Git\cmd;C:\Program Files\nodejs\;C:\Users\Admin\AppData\Local\Microsoft\WindowsApps;C:\Users\Admin\AppData\Local\atom\bin;C:\Users\Admin\AppData\Local\Programs\Microsoft VS Code\bin;C:\Program Files\sfdx\bin;C:\Users\Admin\AppData\Local\GitHubDesktop\bin;C:\Users\Admin\AppData\Local\Microsoft\WindowsApps;;E:\Program Files\JetBrains\IntelliJ IDEA 2022.2\bin;;C:\Users\Admin\AppData\Roaming\npm;E:\Program Files\heroku\bin
USERNAME=Admin
OS=Windows_NT
PROCESSOR_IDENTIFIER=Intel64 Family 6 Model 58 Stepping 9, GenuineIntel



---------------  S Y S T E M  ---------------

OS: Windows 10 , 64 bit Build 19041 (10.0.19041.1889)
OS uptime: 2 days 22:28 hours

CPU:total 4 (initial active 4) (2 cores per cpu, 2 threads per core) family 6 model 58 stepping 9 microcode 0x21, cmov, cx8, fxsr, mmx, sse, sse2, sse3, ssse3, sse4.1, sse4.2, popcnt, avx, aes, clmul, erms, ht, tsc, tscinvbit, tscinv

Memory: 4k page, system-wide physical 8071M (534M free)
TotalPageFile size 10119M (AvailPageFile size 103M)
current process WorkingSet (physical memory assigned to process): 10M, peak: 10M
current process commit charge ("private bytes"): 51M, peak: 179M

vm_info: OpenJDK 64-Bit Server VM (11.0.12+7-b1504.28-7817840) for windows-amd64 JRE (11.0.12+7-b1504.28-7817840), built on Oct 13 2021 22:12:33 by "builder" with MS VC++ 14.0 (VS2015)

END.
