#
# There is insufficient memory for the Java Runtime Environment to continue.
# Native memory allocation (malloc) failed to allocate 1569296 bytes for Chunk::new
# Possible reasons:
#   The system is out of physical RAM or swap space
#   The process is running with CompressedOops enabled, and the Java Heap may be blocking the growth of the native heap
# Possible solutions:
#   Reduce memory load on the system
#   Increase physical memory or swap space
#   Check if swap backing store is full
#   Decrease Java heap size (-Xmx/-Xms)
#   Decrease number of Java threads
#   Decrease Java thread stack sizes (-Xss)
#   Set larger code cache with -XX:ReservedCodeCacheSize=
#   JVM is running with Unscaled Compressed Oops mode in which the Java heap is
#     placed in the first 4GB address space. The Java Heap base address is the
#     maximum limit for the native heap growth. Please use -XX:HeapBaseMinAddress
#     to set the Java Heap base and to place the Java Heap above 4GB virtual address.
# This output file may be truncated or incomplete.
#
#  Out of Memory Error (./src/hotspot/share/memory/arena.cpp:197), pid=2788, tid=13288
#
# JRE version: OpenJDK Runtime Environment (11.0.12+7) (build 11.0.12+7-b1504.28-7817840)
# Java VM: OpenJDK 64-Bit Server VM (11.0.12+7-b1504.28-7817840, mixed mode, tiered, compressed oops, g1 gc, windows-amd64)
# No core dump will be written. Minidumps are not enabled by default on client versions of Windows
#

---------------  S U M M A R Y ------------

Command Line: --add-opens=java.base/java.util=ALL-UNNAMED --add-opens=java.base/java.lang=ALL-UNNAMED --add-opens=java.base/java.lang.invoke=ALL-UNNAMED --add-opens=java.base/java.util=ALL-UNNAMED --add-opens=java.prefs/java.util.prefs=ALL-UNNAMED --add-opens=java.prefs/java.util.prefs=ALL-UNNAMED --add-opens=java.base/java.nio.charset=ALL-UNNAMED --add-opens=java.base/java.net=ALL-UNNAMED --add-opens=java.base/java.util.concurrent.atomic=ALL-UNNAMED -Xmx2048m -Dfile.encoding=UTF-8 -Duser.country=SV -Duser.language=es -Duser.variant org.gradle.launcher.daemon.bootstrap.GradleDaemon 7.3.3

Host: Intel(R) Core(TM) i5-3320M CPU @ 2.60GHz, 4 cores, 7G,  Windows 10 , 64 bit Build 19041 (10.0.19041.1889)
Time: Sat Oct 15 00:38:41 2022 Hora estándar, América Central elapsed time: 21705.271207 seconds (0d 6h 1m 45s)

---------------  T H R E A D  ---------------

Current thread (0x00000270c861d000):  JavaThread "C2 CompilerThread0" daemon [_thread_in_native, id=13288, stack(0x000000980ea00000,0x000000980eb00000)]


Current CompileTask:
C2:21705271 33364       4       org.apache.xerces.dom.ElementImpl::normalize (169 bytes)

Stack: [0x000000980ea00000,0x000000980eb00000]
Native frames: (J=compiled Java code, j=interpreted, Vv=VM code, C=native code)
V  [jvm.dll+0x5fbcea]
V  [jvm.dll+0x731905]
V  [jvm.dll+0x732f1d]
V  [jvm.dll+0x7335d3]
V  [jvm.dll+0x247bf8]
V  [jvm.dll+0xc018c]
V  [jvm.dll+0xc06cc]
V  [jvm.dll+0x35b2db]
V  [jvm.dll+0x328803]
V  [jvm.dll+0x327cfa]
V  [jvm.dll+0x200602]
V  [jvm.dll+0x1ff794]
V  [jvm.dll+0x18868c]
V  [jvm.dll+0x20e0d7]
V  [jvm.dll+0x20c901]
V  [jvm.dll+0x6f9b7f]
V  [jvm.dll+0x6f26a5]
V  [jvm.dll+0x5fabf6]
C  [ucrtbase.dll+0x21bb2]
C  [KERNEL32.DLL+0x17034]
C  [ntdll.dll+0x526a1]


---------------  P R O C E S S  ---------------

Threads class SMR info:
_java_thread_list=0x00000270d47cd270, length=108, elements={
0x00000270ae9fe000, 0x00000270c85ef800, 0x00000270c85f5800, 0x00000270c860a800,
0x00000270c860d800, 0x00000270c8610000, 0x00000270c861d000, 0x00000270c8620800,
0x00000270c8626800, 0x00000270c910b000, 0x00000270ca695800, 0x00000270c9ada800,
0x00000270ca8ba800, 0x00000270cb2ba000, 0x00000270cb2b7800, 0x00000270cb2b4800,
0x00000270cb2b5000, 0x00000270cb2b6000, 0x00000270cb5bb800, 0x00000270cb5bf800,
0x00000270cb5c0800, 0x00000270cb5bf000, 0x00000270cb5c2000, 0x00000270ca10b800,
0x00000270ca109000, 0x00000270cfa58000, 0x00000270cfa5d000, 0x00000270cfa5f800,
0x00000270cfa66000, 0x00000270cb2b8800, 0x00000270cb5c6000, 0x00000270cb5c3000,
0x00000270cb2bb000, 0x00000270cfa59800, 0x00000270ca100000, 0x00000270cfa62800,
0x00000270cfa5b800, 0x00000270ca0fc800, 0x00000270d058b000, 0x00000270d0588800,
0x00000270cb5ba800, 0x00000270da8b2800, 0x00000270ca104000, 0x00000270d058a000,
0x00000270d0583800, 0x00000270d0582000, 0x00000270d0584800, 0x00000270d057e800,
0x00000270d0581000, 0x00000270d0583000, 0x00000270d0585000, 0x00000270d057f800,
0x00000270d0586000, 0x00000270d0587000, 0x00000270d0587800, 0x00000270d0589800,
0x00000270d058c800, 0x00000270da8b9000, 0x00000270da8b4800, 0x00000270da8b6800,
0x00000270da8b5800, 0x00000270da8b7000, 0x00000270da8b3000, 0x00000270da8b9800,
0x00000270da8b4000, 0x00000270da8ba800, 0x00000270da8bb800, 0x00000270da8bd800,
0x00000270da8bc000, 0x00000270da8bd000, 0x00000270da8b8000, 0x00000270da8c1000,
0x00000270da8be800, 0x00000270da8bf800, 0x00000270da8c0000, 0x00000270d32dc000,
0x00000270d32dd000, 0x00000270d32df800, 0x00000270d32e0800, 0x00000270d32e1000,
0x00000270d32de000, 0x00000270d32db800, 0x00000270d32e7800, 0x00000270d32e6000,
0x00000270d32e2000, 0x00000270d32e2800, 0x00000270d32e8800, 0x00000270d32e7000,
0x00000270d32e9800, 0x00000270d32e3800, 0x00000270d32ea000, 0x00000270d32e4800,
0x00000270d32e5000, 0x00000270ca0fe800, 0x00000270ca100800, 0x00000270ca101800,
0x00000270ca102800, 0x00000270ca103000, 0x00000270ca0fd800, 0x00000270ca108000,
0x00000270ca105000, 0x00000270ca106800, 0x00000270ca109800, 0x00000270ca10a800,
0x00000270ca105800, 0x00000270ca107000, 0x00000270cfa57000, 0x00000270cfa5e000
}

Java Threads: ( => current thread )
  0x00000270ae9fe000 JavaThread "main" [_thread_blocked, id=10896, stack(0x000000980de00000,0x000000980df00000)]
  0x00000270c85ef800 JavaThread "Reference Handler" daemon [_thread_blocked, id=11728, stack(0x000000980e500000,0x000000980e600000)]
  0x00000270c85f5800 JavaThread "Finalizer" daemon [_thread_blocked, id=8556, stack(0x000000980e600000,0x000000980e700000)]
  0x00000270c860a800 JavaThread "Signal Dispatcher" daemon [_thread_blocked, id=12268, stack(0x000000980e700000,0x000000980e800000)]
  0x00000270c860d800 JavaThread "Attach Listener" daemon [_thread_blocked, id=10220, stack(0x000000980e800000,0x000000980e900000)]
  0x00000270c8610000 JavaThread "Service Thread" daemon [_thread_blocked, id=8652, stack(0x000000980e900000,0x000000980ea00000)]
=>0x00000270c861d000 JavaThread "C2 CompilerThread0" daemon [_thread_in_native, id=13288, stack(0x000000980ea00000,0x000000980eb00000)]
  0x00000270c8620800 JavaThread "C1 CompilerThread0" daemon [_thread_blocked, id=9308, stack(0x000000980eb00000,0x000000980ec00000)]
  0x00000270c8626800 JavaThread "Sweeper thread" daemon [_thread_blocked, id=12652, stack(0x000000980ec00000,0x000000980ed00000)]
  0x00000270c910b000 JavaThread "Common-Cleaner" daemon [_thread_blocked, id=12744, stack(0x000000980ed00000,0x000000980ee00000)]
  0x00000270ca695800 JavaThread "Daemon health stats" [_thread_blocked, id=8464, stack(0x000000980f200000,0x000000980f300000)]
  0x00000270c9ada800 JavaThread "Incoming local TCP Connector on port 58249" [_thread_in_native, id=11532, stack(0x000000980ef00000,0x000000980f000000)]
  0x00000270ca8ba800 JavaThread "Daemon periodic checks" [_thread_blocked, id=8720, stack(0x000000980f300000,0x000000980f400000)]
  0x00000270cb2ba000 JavaThread "Cache worker for journal cache (C:\Users\Admin\.gradle\caches\journal-1)" [_thread_blocked, id=10612, stack(0x000000980fc00000,0x000000980fd00000)]
  0x00000270cb2b7800 JavaThread "File lock request listener" [_thread_in_native, id=12580, stack(0x000000980fd00000,0x000000980fe00000)]
  0x00000270cb2b4800 JavaThread "Cache worker for file hash cache (C:\Users\Admin\.gradle\caches\7.3.3\fileHashes)" [_thread_blocked, id=11648, stack(0x000000980fe00000,0x000000980ff00000)]
  0x00000270cb2b5000 JavaThread "File watcher server" daemon [_thread_in_native, id=4380, stack(0x0000009810000000,0x0000009810100000)]
  0x00000270cb2b6000 JavaThread "File watcher consumer" daemon [_thread_blocked, id=13104, stack(0x0000009810100000,0x0000009810200000)]
  0x00000270cb5bb800 JavaThread "Cache worker for execution history cache (C:\Users\Admin\.gradle\caches\7.3.3\executionHistory)" [_thread_blocked, id=12428, stack(0x0000009810500000,0x0000009810600000)]
  0x00000270cb5bf800 JavaThread "jar transforms" [_thread_blocked, id=5072, stack(0x0000009810700000,0x0000009810800000)]
  0x00000270cb5c0800 JavaThread "Cache worker for file content cache (C:\Users\Admin\.gradle\caches\7.3.3\fileContent)" [_thread_blocked, id=12932, stack(0x0000009810800000,0x0000009810900000)]
  0x00000270cb5bf000 JavaThread "jar transforms Thread 2" [_thread_blocked, id=12864, stack(0x0000009810900000,0x0000009810a00000)]
  0x00000270cb5c2000 JavaThread "jar transforms Thread 3" [_thread_blocked, id=11932, stack(0x0000009810600000,0x0000009810700000)]
  0x00000270ca10b800 JavaThread "jar transforms Thread 4" [_thread_blocked, id=12076, stack(0x0000009813400000,0x0000009813500000)]
  0x00000270ca109000 JavaThread "Memory manager" [_thread_blocked, id=9616, stack(0x0000009813500000,0x0000009813600000)]
  0x00000270cfa58000 JavaThread "pool-3-thread-1" [_thread_blocked, id=12140, stack(0x0000009813b00000,0x0000009813c00000)]
  0x00000270cfa5d000 JavaThread "RMI Scheduler(0)" daemon [_thread_blocked, id=11752, stack(0x000000980db00000,0x000000980dc00000)]
  0x00000270cfa5f800 JavaThread "RMI TCP Accept-0" daemon [_thread_in_native, id=12760, stack(0x000000980f900000,0x000000980fa00000)]
  0x00000270cfa66000 JavaThread "Cache worker for Java compile cache (C:\Users\Admin\.gradle\caches\7.3.3\javaCompile)" [_thread_blocked, id=12676, stack(0x000000980dc00000,0x000000980dd00000)]
  0x00000270cb2b8800 JavaThread "pool-7-thread-1" [_thread_blocked, id=10520, stack(0x0000009813e00000,0x0000009813f00000)]
  0x00000270cb5c6000 JavaThread "pool-10-thread-1" [_thread_blocked, id=13792, stack(0x0000009813900000,0x0000009813a00000)]
  0x00000270cb5c3000 JavaThread "pool-13-thread-1" [_thread_blocked, id=2928, stack(0x0000009813a00000,0x0000009813b00000)]
  0x00000270cb2bb000 JavaThread "pool-17-thread-1" [_thread_blocked, id=7580, stack(0x0000009813c00000,0x0000009813d00000)]
  0x00000270cfa59800 JavaThread "pool-21-thread-1" [_thread_blocked, id=2016, stack(0x0000009813d00000,0x0000009813e00000)]
  0x00000270ca100000 JavaThread "pool-26-thread-1" [_thread_blocked, id=12888, stack(0x0000009813f00000,0x0000009814000000)]
  0x00000270cfa62800 JavaThread "pool-31-thread-1" [_thread_blocked, id=13420, stack(0x0000009814000000,0x0000009814100000)]
  0x00000270cfa5b800 JavaThread "pool-34-thread-1" [_thread_blocked, id=1296, stack(0x0000009814300000,0x0000009814400000)]
  0x00000270ca0fc800 JavaThread "pool-39-thread-1" [_thread_blocked, id=2316, stack(0x0000009814100000,0x0000009814200000)]
  0x00000270d058b000 JavaThread "pool-44-thread-1" [_thread_blocked, id=10400, stack(0x0000009814200000,0x0000009814300000)]
  0x00000270d0588800 JavaThread "pool-49-thread-1" [_thread_blocked, id=5784, stack(0x0000009814400000,0x0000009814500000)]
  0x00000270cb5ba800 JavaThread "pool-52-thread-1" [_thread_blocked, id=5704, stack(0x0000009814500000,0x0000009814600000)]
  0x00000270da8b2800 JavaThread "ForkJoinPool.commonPool-worker-5" daemon [_thread_blocked, id=13892, stack(0x0000009815400000,0x0000009815500000)]
  0x00000270ca104000 JavaThread "pool-57-thread-1" [_thread_blocked, id=10144, stack(0x0000009814600000,0x0000009814700000)]
  0x00000270d058a000 JavaThread "pool-62-thread-1" [_thread_blocked, id=9456, stack(0x0000009813800000,0x0000009813900000)]
  0x00000270d0583800 JavaThread "Daemon Thread 12" [_thread_blocked, id=11124, stack(0x000000980dd00000,0x000000980de00000)]
  0x00000270d0582000 JavaThread "Handler for socket connection from /127.0.0.1:58249 to /127.0.0.1:55534" [_thread_in_native, id=10028, stack(0x000000980f400000,0x000000980f500000)]
  0x00000270d0584800 JavaThread "Cancel handler" [_thread_blocked, id=6568, stack(0x000000980f500000,0x000000980f600000)]
  0x00000270d057e800 JavaThread "Daemon worker Thread 12" [_thread_blocked, id=10616, stack(0x000000980f600000,0x000000980f700000)]
  0x00000270d0581000 JavaThread "Asynchronous log dispatcher for DefaultDaemonConnection: socket connection from /127.0.0.1:58249 to /127.0.0.1:55534" [_thread_blocked, id=10564, stack(0x000000980f700000,0x000000980f800000)]
  0x00000270d0583000 JavaThread "Stdin handler" [_thread_blocked, id=10808, stack(0x000000980f800000,0x000000980f900000)]
  0x00000270d0585000 JavaThread "Daemon client event forwarder" [_thread_blocked, id=12052, stack(0x000000980fa00000,0x000000980fb00000)]
  0x00000270d057f800 JavaThread "Cache worker for file hash cache (E:\taquito\.gradle\7.3.3\fileHashes)" [_thread_blocked, id=9652, stack(0x000000980ff00000,0x0000009810000000)]
  0x00000270d0586000 JavaThread "Cache worker for checksums cache (E:\taquito\.gradle\7.3.3\checksums)" [_thread_blocked, id=2572, stack(0x0000009810200000,0x0000009810300000)]
  0x00000270d0587000 JavaThread "Cache worker for cache directory md-supplier (C:\Users\Admin\.gradle\caches\7.3.3\md-supplier)" [_thread_blocked, id=11704, stack(0x0000009810300000,0x0000009810400000)]
  0x00000270d0587800 JavaThread "Cache worker for cache directory md-rule (C:\Users\Admin\.gradle\caches\7.3.3\md-rule)" [_thread_blocked, id=4400, stack(0x0000009810400000,0x0000009810500000)]
  0x00000270d0589800 JavaThread "Cache worker for dependencies-accessors (E:\taquito\.gradle\7.3.3\dependencies-accessors)" [_thread_blocked, id=12624, stack(0x0000009810a00000,0x0000009810b00000)]
  0x00000270d058c800 JavaThread "Cache worker for Build Output Cleanup Cache (E:\taquito\.gradle\buildOutputCleanup)" [_thread_blocked, id=5352, stack(0x0000009810b00000,0x0000009810c00000)]
  0x00000270da8b9000 JavaThread "Unconstrained build operations" [_thread_blocked, id=6420, stack(0x0000009810c00000,0x0000009810d00000)]
  0x00000270da8b4800 JavaThread "Unconstrained build operations Thread 2" [_thread_blocked, id=8148, stack(0x0000009810d00000,0x0000009810e00000)]
  0x00000270da8b6800 JavaThread "Unconstrained build operations Thread 3" [_thread_blocked, id=224, stack(0x0000009810e00000,0x0000009810f00000)]
  0x00000270da8b5800 JavaThread "Unconstrained build operations Thread 4" [_thread_blocked, id=9412, stack(0x0000009810f00000,0x0000009811000000)]
  0x00000270da8b7000 JavaThread "Unconstrained build operations Thread 5" [_thread_blocked, id=12616, stack(0x0000009811000000,0x0000009811100000)]
  0x00000270da8b3000 JavaThread "Unconstrained build operations Thread 6" [_thread_blocked, id=9440, stack(0x0000009811100000,0x0000009811200000)]
  0x00000270da8b9800 JavaThread "Unconstrained build operations Thread 7" [_thread_blocked, id=2464, stack(0x0000009811200000,0x0000009811300000)]
  0x00000270da8b4000 JavaThread "Unconstrained build operations Thread 8" [_thread_blocked, id=10204, stack(0x0000009811300000,0x0000009811400000)]
  0x00000270da8ba800 JavaThread "Unconstrained build operations Thread 9" [_thread_blocked, id=1444, stack(0x0000009811400000,0x0000009811500000)]
  0x00000270da8bb800 JavaThread "Unconstrained build operations Thread 10" [_thread_blocked, id=6100, stack(0x0000009811500000,0x0000009811600000)]
  0x00000270da8bd800 JavaThread "Unconstrained build operations Thread 11" [_thread_blocked, id=5180, stack(0x0000009811600000,0x0000009811700000)]
  0x00000270da8bc000 JavaThread "Unconstrained build operations Thread 12" [_thread_blocked, id=1856, stack(0x0000009811700000,0x0000009811800000)]
  0x00000270da8bd000 JavaThread "Unconstrained build operations Thread 13" [_thread_blocked, id=2264, stack(0x0000009811800000,0x0000009811900000)]
  0x00000270da8b8000 JavaThread "Unconstrained build operations Thread 14" [_thread_blocked, id=14212, stack(0x0000009811900000,0x0000009811a00000)]
  0x00000270da8c1000 JavaThread "Unconstrained build operations Thread 15" [_thread_blocked, id=13248, stack(0x0000009811a00000,0x0000009811b00000)]
  0x00000270da8be800 JavaThread "Unconstrained build operations Thread 16" [_thread_blocked, id=11308, stack(0x0000009811b00000,0x0000009811c00000)]
  0x00000270da8bf800 JavaThread "Unconstrained build operations Thread 17" [_thread_blocked, id=3280, stack(0x0000009811c00000,0x0000009811d00000)]
  0x00000270da8c0000 JavaThread "Unconstrained build operations Thread 18" [_thread_blocked, id=11580, stack(0x0000009811d00000,0x0000009811e00000)]
  0x00000270d32dc000 JavaThread "Unconstrained build operations Thread 19" [_thread_blocked, id=5608, stack(0x0000009811e00000,0x0000009811f00000)]
  0x00000270d32dd000 JavaThread "Unconstrained build operations Thread 20" [_thread_blocked, id=6468, stack(0x0000009811f00000,0x0000009812000000)]
  0x00000270d32df800 JavaThread "Unconstrained build operations Thread 21" [_thread_blocked, id=7032, stack(0x0000009812000000,0x0000009812100000)]
  0x00000270d32e0800 JavaThread "Unconstrained build operations Thread 22" [_thread_blocked, id=12816, stack(0x0000009812100000,0x0000009812200000)]
  0x00000270d32e1000 JavaThread "Unconstrained build operations Thread 23" [_thread_blocked, id=5672, stack(0x0000009812200000,0x0000009812300000)]
  0x00000270d32de000 JavaThread "Unconstrained build operations Thread 24" [_thread_blocked, id=8152, stack(0x0000009812300000,0x0000009812400000)]
  0x00000270d32db800 JavaThread "Unconstrained build operations Thread 25" [_thread_blocked, id=6200, stack(0x0000009812400000,0x0000009812500000)]
  0x00000270d32e7800 JavaThread "Unconstrained build operations Thread 26" [_thread_blocked, id=3204, stack(0x0000009812500000,0x0000009812600000)]
  0x00000270d32e6000 JavaThread "Unconstrained build operations Thread 27" [_thread_blocked, id=7448, stack(0x0000009812600000,0x0000009812700000)]
  0x00000270d32e2000 JavaThread "Unconstrained build operations Thread 28" [_thread_blocked, id=13768, stack(0x0000009812700000,0x0000009812800000)]
  0x00000270d32e2800 JavaThread "Unconstrained build operations Thread 29" [_thread_blocked, id=11016, stack(0x0000009812800000,0x0000009812900000)]
  0x00000270d32e8800 JavaThread "Unconstrained build operations Thread 30" [_thread_blocked, id=4500, stack(0x0000009812900000,0x0000009812a00000)]
  0x00000270d32e7000 JavaThread "Unconstrained build operations Thread 31" [_thread_blocked, id=7048, stack(0x0000009812a00000,0x0000009812b00000)]
  0x00000270d32e9800 JavaThread "Unconstrained build operations Thread 32" [_thread_blocked, id=10468, stack(0x0000009812b00000,0x0000009812c00000)]
  0x00000270d32e3800 JavaThread "Unconstrained build operations Thread 33" [_thread_blocked, id=2228, stack(0x0000009812c00000,0x0000009812d00000)]
  0x00000270d32ea000 JavaThread "Unconstrained build operations Thread 34" [_thread_blocked, id=12212, stack(0x0000009812d00000,0x0000009812e00000)]
  0x00000270d32e4800 JavaThread "Unconstrained build operations Thread 35" [_thread_blocked, id=9004, stack(0x0000009812e00000,0x0000009812f00000)]
  0x00000270d32e5000 JavaThread "Unconstrained build operations Thread 36" [_thread_blocked, id=9640, stack(0x0000009812f00000,0x0000009813000000)]
  0x00000270ca0fe800 JavaThread "Unconstrained build operations Thread 37" [_thread_blocked, id=6024, stack(0x0000009813000000,0x0000009813100000)]
  0x00000270ca100800 JavaThread "Unconstrained build operations Thread 38" [_thread_blocked, id=13380, stack(0x0000009813100000,0x0000009813200000)]
  0x00000270ca101800 JavaThread "Unconstrained build operations Thread 39" [_thread_blocked, id=7524, stack(0x0000009813200000,0x0000009813300000)]
  0x00000270ca102800 JavaThread "Unconstrained build operations Thread 40" [_thread_blocked, id=10988, stack(0x0000009813300000,0x0000009813400000)]
  0x00000270ca103000 JavaThread "build event listener" [_thread_blocked, id=5604, stack(0x0000009813600000,0x0000009813700000)]
  0x00000270ca0fd800 JavaThread "build event listener" [_thread_blocked, id=6328, stack(0x0000009813700000,0x0000009813800000)]
  0x00000270ca108000 JavaThread "pool-65-thread-1" [_thread_blocked, id=4616, stack(0x0000009814700000,0x0000009814800000)]
  0x00000270ca105000 JavaThread "build event listener" [_thread_blocked, id=2140, stack(0x0000009814800000,0x0000009814900000)]
  0x00000270ca106800 JavaThread "Execution worker for ':'" [_thread_blocked, id=6308, stack(0x0000009814900000,0x0000009814a00000)]
  0x00000270ca109800 JavaThread "Execution worker for ':' Thread 2" [_thread_in_Java, id=9900, stack(0x0000009814a00000,0x0000009814b00000)]
  0x00000270ca10a800 JavaThread "Execution worker for ':' Thread 3" [_thread_blocked, id=5460, stack(0x0000009814b00000,0x0000009814c00000)]
  0x00000270ca105800 JavaThread "Cache worker for execution history cache (E:\taquito\.gradle\7.3.3\executionHistory)" [_thread_blocked, id=13880, stack(0x0000009814c00000,0x0000009814d00000)]
  0x00000270ca107000 JavaThread "WorkerExecutor Queue" [_thread_blocked, id=3652, stack(0x0000009814d00000,0x0000009814e00000)]
  0x00000270cfa57000 JavaThread "WorkerExecutor Queue Thread 2" [_thread_blocked, id=3056, stack(0x0000009814e00000,0x0000009814f00000)]
  0x00000270cfa5e000 JavaThread "C2 CompilerThread1" daemon [_thread_in_native, id=5628, stack(0x0000009814f00000,0x0000009815000000)]

Other Threads:
  0x00000270c85eb800 VMThread "VM Thread" [stack: 0x000000980e400000,0x000000980e500000] [id=10528]
  0x00000270c911f800 WatcherThread [stack: 0x000000980ee00000,0x000000980ef00000] [id=11804]
  0x00000270aea17000 GCTaskThread "GC Thread#0" [stack: 0x000000980df00000,0x000000980e000000] [id=7868]
  0x00000270c98ce000 GCTaskThread "GC Thread#1" [stack: 0x000000980f000000,0x000000980f100000] [id=9740]
  0x00000270c94a9000 GCTaskThread "GC Thread#2" [stack: 0x000000980f100000,0x000000980f200000] [id=11760]
  0x00000270ca3cb800 GCTaskThread "GC Thread#3" [stack: 0x000000980fb00000,0x000000980fc00000] [id=12804]
  0x00000270aea49000 ConcurrentGCThread "G1 Main Marker" [stack: 0x000000980e000000,0x000000980e100000] [id=7812]
  0x00000270aea4a000 ConcurrentGCThread "G1 Conc#0" [stack: 0x000000980e100000,0x000000980e200000] [id=12360]
  0x00000270aead7000 ConcurrentGCThread "G1 Refine#0" [stack: 0x000000980e200000,0x000000980e300000] [id=12608]
  0x00000270aead8000 ConcurrentGCThread "G1 Young RemSet Sampling" [stack: 0x000000980e300000,0x000000980e400000] [id=11944]

Threads with active compile tasks:
C2 CompilerThread021706130 33364       4       org.apache.xerces.dom.ElementImpl::normalize (169 bytes)
C2 CompilerThread121706130 33337   !   4       com.android.ide.common.resources.DataMerger::mergeData (611 bytes)

VM state:not at safepoint (normal execution)

VM Mutex/Monitor currently owned by a thread: None

Heap address: 0x0000000080000000, size: 2048 MB, Compressed Oops mode: 32-bit
Narrow klass base: 0x0000000000000000, Narrow klass shift: 3
Compressed class space size: 1073741824 Address: 0x0000000100000000

Heap:
 garbage-first heap   total 292864K, used 202085K [0x0000000080000000, 0x0000000100000000)
  region size 1024K, 11 young (11264K), 4 survivors (4096K)
 Metaspace       used 167766K, capacity 172626K, committed 173440K, reserved 1200128K
  class space    used 20415K, capacity 22203K, committed 22400K, reserved 1048576K
Heap Regions: E=young(eden), S=young(survivor), O=old, HS=humongous(starts), HC=humongous(continues), CS=collection set, F=free, A=archive, TAMS=top-at-mark-start (previous, next)
|   0|0x0000000080000000, 0x0000000080100000, 0x0000000080100000|100%| O|  |TAMS 0x0000000080100000, 0x0000000080000000| Complete 
|   1|0x0000000080100000, 0x0000000080200000, 0x0000000080200000|100%| O|  |TAMS 0x0000000080200000, 0x0000000080100000| Untracked 
|   2|0x0000000080200000, 0x0000000080300000, 0x0000000080300000|100%| O|  |TAMS 0x0000000080300000, 0x0000000080200000| Untracked 
|   3|0x0000000080300000, 0x0000000080400000, 0x0000000080400000|100%|HS|  |TAMS 0x0000000080400000, 0x0000000080300000| Complete 
|   4|0x0000000080400000, 0x0000000080500000, 0x0000000080500000|100%|HC|  |TAMS 0x0000000080500000, 0x0000000080400000| Complete 
|   5|0x0000000080500000, 0x0000000080600000, 0x0000000080600000|100%|HC|  |TAMS 0x0000000080600000, 0x0000000080500000| Complete 
|   6|0x0000000080600000, 0x0000000080700000, 0x0000000080700000|100%| O|  |TAMS 0x0000000080700000, 0x0000000080600000| Untracked 
|   7|0x0000000080700000, 0x0000000080800000, 0x0000000080800000|100%| O|  |TAMS 0x0000000080800000, 0x0000000080700000| Untracked 
|   8|0x0000000080800000, 0x0000000080900000, 0x0000000080900000|100%| O|  |TAMS 0x0000000080900000, 0x0000000080800000| Untracked 
|   9|0x0000000080900000, 0x0000000080a00000, 0x0000000080a00000|100%| O|  |TAMS 0x0000000080a00000, 0x0000000080900000| Untracked 
|  10|0x0000000080a00000, 0x0000000080b00000, 0x0000000080b00000|100%| O|  |TAMS 0x0000000080b00000, 0x0000000080a00000| Complete 
|  11|0x0000000080b00000, 0x0000000080c00000, 0x0000000080c00000|100%| O|  |TAMS 0x0000000080c00000, 0x0000000080b00000| Untracked 
|  12|0x0000000080c00000, 0x0000000080d00000, 0x0000000080d00000|100%| O|  |TAMS 0x0000000080d00000, 0x0000000080c00000| Untracked 
|  13|0x0000000080d00000, 0x0000000080e00000, 0x0000000080e00000|100%| O|  |TAMS 0x0000000080e00000, 0x0000000080d00000| Untracked 
|  14|0x0000000080e00000, 0x0000000080f00000, 0x0000000080f00000|100%| O|  |TAMS 0x0000000080f00000, 0x0000000080e00000| Untracked 
|  15|0x0000000080f00000, 0x0000000081000000, 0x0000000081000000|100%| O|  |TAMS 0x0000000081000000, 0x0000000080f00000| Complete 
|  16|0x0000000081000000, 0x0000000081100000, 0x0000000081100000|100%|HS|  |TAMS 0x0000000081100000, 0x0000000081000000| Complete 
|  17|0x0000000081100000, 0x0000000081200000, 0x0000000081200000|100%| O|  |TAMS 0x0000000081200000, 0x0000000081100000| Complete 
|  18|0x0000000081200000, 0x0000000081300000, 0x0000000081300000|100%| O|  |TAMS 0x0000000081300000, 0x0000000081200000| Complete 
|  19|0x0000000081300000, 0x0000000081400000, 0x0000000081400000|100%| O|  |TAMS 0x0000000081400000, 0x0000000081300000| Complete 
|  20|0x0000000081400000, 0x0000000081500000, 0x0000000081500000|100%| O|  |TAMS 0x0000000081500000, 0x0000000081400000| Complete 
|  21|0x0000000081500000, 0x0000000081600000, 0x0000000081600000|100%| O|  |TAMS 0x0000000081600000, 0x0000000081500000| Complete 
|  22|0x0000000081600000, 0x0000000081700000, 0x0000000081700000|100%|HS|  |TAMS 0x0000000081700000, 0x0000000081600000| Complete 
|  23|0x0000000081700000, 0x0000000081800000, 0x0000000081800000|100%| O|  |TAMS 0x0000000081800000, 0x0000000081700000| Complete 
|  24|0x0000000081800000, 0x0000000081900000, 0x0000000081900000|100%| O|  |TAMS 0x0000000081900000, 0x0000000081800000| Complete 
|  25|0x0000000081900000, 0x0000000081a00000, 0x0000000081a00000|100%| O|  |TAMS 0x0000000081a00000, 0x0000000081900000| Complete 
|  26|0x0000000081a00000, 0x0000000081b00000, 0x0000000081b00000|100%| O|  |TAMS 0x0000000081b00000, 0x0000000081a00000| Complete 
|  27|0x0000000081b00000, 0x0000000081c00000, 0x0000000081c00000|100%| O|  |TAMS 0x0000000081c00000, 0x0000000081b00000| Untracked 
|  28|0x0000000081c00000, 0x0000000081d00000, 0x0000000081d00000|100%|HS|  |TAMS 0x0000000081d00000, 0x0000000081c00000| Complete 
|  29|0x0000000081d00000, 0x0000000081e00000, 0x0000000081e00000|100%|HS|  |TAMS 0x0000000081e00000, 0x0000000081d00000| Complete 
|  30|0x0000000081e00000, 0x0000000081f00000, 0x0000000081f00000|100%|HS|  |TAMS 0x0000000081f00000, 0x0000000081e00000| Complete 
|  31|0x0000000081f00000, 0x0000000082000000, 0x0000000082000000|100%|HC|  |TAMS 0x0000000082000000, 0x0000000081f00000| Complete 
|  32|0x0000000082000000, 0x0000000082100000, 0x0000000082100000|100%|HC|  |TAMS 0x0000000082100000, 0x0000000082000000| Complete 
|  33|0x0000000082100000, 0x0000000082200000, 0x0000000082200000|100%|HS|  |TAMS 0x0000000082200000, 0x0000000082100000| Complete 
|  34|0x0000000082200000, 0x0000000082300000, 0x0000000082300000|100%|HC|  |TAMS 0x0000000082300000, 0x0000000082200000| Complete 
|  35|0x0000000082300000, 0x0000000082400000, 0x0000000082400000|100%| O|  |TAMS 0x0000000082400000, 0x0000000082300000| Untracked 
|  36|0x0000000082400000, 0x0000000082500000, 0x0000000082500000|100%|HS|  |TAMS 0x0000000082500000, 0x0000000082400000| Complete 
|  37|0x0000000082500000, 0x0000000082600000, 0x0000000082600000|100%|HC|  |TAMS 0x0000000082600000, 0x0000000082500000| Complete 
|  38|0x0000000082600000, 0x0000000082700000, 0x0000000082700000|100%| O|  |TAMS 0x0000000082700000, 0x0000000082600000| Untracked 
|  39|0x0000000082700000, 0x0000000082800000, 0x0000000082800000|100%| O|  |TAMS 0x0000000082800000, 0x0000000082700000| Untracked 
|  40|0x0000000082800000, 0x0000000082900000, 0x0000000082900000|100%| O|  |TAMS 0x0000000082900000, 0x0000000082800000| Untracked 
|  41|0x0000000082900000, 0x0000000082a00000, 0x0000000082a00000|100%| O|  |TAMS 0x0000000082a00000, 0x0000000082900000| Complete 
|  42|0x0000000082a00000, 0x0000000082b00000, 0x0000000082b00000|100%| O|  |TAMS 0x0000000082b00000, 0x0000000082a00000| Untracked 
|  43|0x0000000082b00000, 0x0000000082c00000, 0x0000000082c00000|100%| O|  |TAMS 0x0000000082c00000, 0x0000000082b00000| Untracked 
|  44|0x0000000082c00000, 0x0000000082d00000, 0x0000000082d00000|100%| O|  |TAMS 0x0000000082d00000, 0x0000000082c00000| Untracked 
|  45|0x0000000082d00000, 0x0000000082e00000, 0x0000000082e00000|100%| O|  |TAMS 0x0000000082e00000, 0x0000000082d00000| Untracked 
|  46|0x0000000082e00000, 0x0000000082f00000, 0x0000000082f00000|100%| O|  |TAMS 0x0000000082f00000, 0x0000000082e00000| Untracked 
|  47|0x0000000082f00000, 0x0000000083000000, 0x0000000083000000|100%|HS|  |TAMS 0x0000000083000000, 0x0000000082f00000| Complete 
|  48|0x0000000083000000, 0x0000000083100000, 0x0000000083100000|100%|HS|  |TAMS 0x0000000083100000, 0x0000000083000000| Complete 
|  49|0x0000000083100000, 0x0000000083200000, 0x0000000083200000|100%| O|  |TAMS 0x0000000083200000, 0x0000000083100000| Complete 
|  50|0x0000000083200000, 0x0000000083300000, 0x0000000083300000|100%| O|  |TAMS 0x0000000083300000, 0x0000000083200000| Complete 
|  51|0x0000000083300000, 0x0000000083400000, 0x0000000083400000|100%| O|  |TAMS 0x0000000083400000, 0x0000000083300000| Untracked 
|  52|0x0000000083400000, 0x0000000083500000, 0x0000000083500000|100%| O|  |TAMS 0x0000000083500000, 0x0000000083400000| Complete 
|  53|0x0000000083500000, 0x0000000083600000, 0x0000000083600000|100%| O|  |TAMS 0x0000000083600000, 0x0000000083500000| Untracked 
|  54|0x0000000083600000, 0x0000000083700000, 0x0000000083700000|100%| O|  |TAMS 0x0000000083700000, 0x0000000083600000| Complete 
|  55|0x0000000083700000, 0x0000000083800000, 0x0000000083800000|100%| O|  |TAMS 0x0000000083800000, 0x0000000083700000| Untracked 
|  56|0x0000000083800000, 0x0000000083900000, 0x0000000083900000|100%| O|  |TAMS 0x0000000083900000, 0x0000000083800000| Untracked 
|  57|0x0000000083900000, 0x0000000083a00000, 0x0000000083a00000|100%| O|  |TAMS 0x0000000083a00000, 0x0000000083900000| Untracked 
|  58|0x0000000083a00000, 0x0000000083b00000, 0x0000000083b00000|100%| O|  |TAMS 0x0000000083b00000, 0x0000000083a00000| Untracked 
|  59|0x0000000083b00000, 0x0000000083c00000, 0x0000000083c00000|100%| O|  |TAMS 0x0000000083c00000, 0x0000000083b00000| Untracked 
|  60|0x0000000083c00000, 0x0000000083d00000, 0x0000000083d00000|100%| O|  |TAMS 0x0000000083d00000, 0x0000000083c00000| Complete 
|  61|0x0000000083d00000, 0x0000000083e00000, 0x0000000083e00000|100%| O|  |TAMS 0x0000000083e00000, 0x0000000083d00000| Untracked 
|  62|0x0000000083e00000, 0x0000000083f00000, 0x0000000083f00000|100%| O|  |TAMS 0x0000000083f00000, 0x0000000083e00000| Complete 
|  63|0x0000000083f00000, 0x0000000084000000, 0x0000000084000000|100%| O|  |TAMS 0x0000000084000000, 0x0000000083f00000| Untracked 
|  64|0x0000000084000000, 0x0000000084100000, 0x0000000084100000|100%| O|  |TAMS 0x0000000084100000, 0x0000000084000000| Untracked 
|  65|0x0000000084100000, 0x0000000084200000, 0x0000000084200000|100%| O|  |TAMS 0x0000000084200000, 0x0000000084100000| Complete 
|  66|0x0000000084200000, 0x0000000084300000, 0x0000000084300000|100%| O|  |TAMS 0x0000000084300000, 0x0000000084200000| Complete 
|  67|0x0000000084300000, 0x0000000084400000, 0x0000000084400000|100%| O|  |TAMS 0x0000000084400000, 0x0000000084300000| Untracked 
|  68|0x0000000084400000, 0x0000000084500000, 0x0000000084500000|100%| O|  |TAMS 0x0000000084500000, 0x0000000084400000| Complete 
|  69|0x0000000084500000, 0x0000000084600000, 0x0000000084600000|100%| O|  |TAMS 0x0000000084600000, 0x0000000084500000| Untracked 
|  70|0x0000000084600000, 0x0000000084700000, 0x0000000084700000|100%| O|  |TAMS 0x0000000084700000, 0x0000000084600000| Complete 
|  71|0x0000000084700000, 0x0000000084800000, 0x0000000084800000|100%| O|  |TAMS 0x0000000084800000, 0x0000000084700000| Complete 
|  72|0x0000000084800000, 0x0000000084900000, 0x0000000084900000|100%| O|  |TAMS 0x0000000084900000, 0x0000000084800000| Untracked 
|  73|0x0000000084900000, 0x0000000084a00000, 0x0000000084a00000|100%| O|  |TAMS 0x0000000084a00000, 0x0000000084900000| Complete 
|  74|0x0000000084a00000, 0x0000000084b00000, 0x0000000084b00000|100%| O|  |TAMS 0x0000000084b00000, 0x0000000084a00000| Complete 
|  75|0x0000000084b00000, 0x0000000084c00000, 0x0000000084c00000|100%| O|  |TAMS 0x0000000084c00000, 0x0000000084b00000| Complete 
|  76|0x0000000084c00000, 0x0000000084d00000, 0x0000000084d00000|100%| O|  |TAMS 0x0000000084d00000, 0x0000000084c00000| Untracked 
|  77|0x0000000084d00000, 0x0000000084e00000, 0x0000000084e00000|100%| O|  |TAMS 0x0000000084e00000, 0x0000000084d00000| Untracked 
|  78|0x0000000084e00000, 0x0000000084f00000, 0x0000000084f00000|100%| O|  |TAMS 0x0000000084f00000, 0x0000000084e00000| Complete 
|  79|0x0000000084f00000, 0x0000000085000000, 0x0000000085000000|100%|HS|  |TAMS 0x0000000085000000, 0x0000000084f00000| Complete 
|  80|0x0000000085000000, 0x0000000085100000, 0x0000000085100000|100%| O|  |TAMS 0x0000000085100000, 0x0000000085000000| Complete 
|  81|0x0000000085100000, 0x0000000085200000, 0x0000000085200000|100%|HS|  |TAMS 0x0000000085200000, 0x0000000085100000| Complete 
|  82|0x0000000085200000, 0x0000000085300000, 0x0000000085300000|100%|HC|  |TAMS 0x0000000085300000, 0x0000000085200000| Complete 
|  83|0x0000000085300000, 0x0000000085400000, 0x0000000085400000|100%|HC|  |TAMS 0x0000000085400000, 0x0000000085300000| Complete 
|  84|0x0000000085400000, 0x0000000085500000, 0x0000000085500000|100%| O|  |TAMS 0x0000000085500000, 0x0000000085400000| Untracked 
|  85|0x0000000085500000, 0x0000000085600000, 0x0000000085600000|100%| O|  |TAMS 0x0000000085600000, 0x0000000085500000| Untracked 
|  86|0x0000000085600000, 0x0000000085700000, 0x0000000085700000|100%| O|  |TAMS 0x0000000085700000, 0x0000000085600000| Complete 
|  87|0x0000000085700000, 0x0000000085800000, 0x0000000085800000|100%| O|  |TAMS 0x0000000085800000, 0x0000000085700000| Complete 
|  88|0x0000000085800000, 0x0000000085900000, 0x0000000085900000|100%| O|  |TAMS 0x0000000085900000, 0x0000000085800000| Untracked 
|  89|0x0000000085900000, 0x0000000085a00000, 0x0000000085a00000|100%| O|  |TAMS 0x0000000085a00000, 0x0000000085900000| Complete 
|  90|0x0000000085a00000, 0x0000000085b00000, 0x0000000085b00000|100%|HS|  |TAMS 0x0000000085b00000, 0x0000000085a00000| Complete 
|  91|0x0000000085b00000, 0x0000000085c00000, 0x0000000085c00000|100%|HC|  |TAMS 0x0000000085c00000, 0x0000000085b00000| Complete 
|  92|0x0000000085c00000, 0x0000000085d00000, 0x0000000085d00000|100%|HC|  |TAMS 0x0000000085d00000, 0x0000000085c00000| Complete 
|  93|0x0000000085d00000, 0x0000000085e00000, 0x0000000085e00000|100%| O|  |TAMS 0x0000000085e00000, 0x0000000085d00000| Complete 
|  94|0x0000000085e00000, 0x0000000085f00000, 0x0000000085f00000|100%| O|  |TAMS 0x0000000085f00000, 0x0000000085e00000| Complete 
|  95|0x0000000085f00000, 0x0000000086000000, 0x0000000086000000|100%| O|  |TAMS 0x0000000086000000, 0x0000000085f00000| Complete 
|  96|0x0000000086000000, 0x0000000086100000, 0x0000000086100000|100%| O|  |TAMS 0x0000000086100000, 0x0000000086000000| Complete 
|  97|0x0000000086100000, 0x0000000086200000, 0x0000000086200000|100%| O|  |TAMS 0x0000000086200000, 0x0000000086100000| Complete 
|  98|0x0000000086200000, 0x0000000086300000, 0x0000000086300000|100%| O|  |TAMS 0x0000000086300000, 0x0000000086200000| Complete 
|  99|0x0000000086300000, 0x0000000086400000, 0x0000000086400000|100%| O|  |TAMS 0x0000000086400000, 0x0000000086300000| Complete 
| 100|0x0000000086400000, 0x0000000086500000, 0x0000000086500000|100%|HS|  |TAMS 0x0000000086500000, 0x0000000086400000| Complete 
| 101|0x0000000086500000, 0x0000000086600000, 0x0000000086600000|100%|HC|  |TAMS 0x0000000086600000, 0x0000000086500000| Complete 
| 102|0x0000000086600000, 0x0000000086700000, 0x0000000086700000|100%| O|  |TAMS 0x0000000086700000, 0x0000000086600000| Complete 
| 103|0x0000000086700000, 0x0000000086800000, 0x0000000086800000|100%| O|  |TAMS 0x0000000086800000, 0x0000000086700000| Untracked 
| 104|0x0000000086800000, 0x0000000086900000, 0x0000000086900000|100%|HS|  |TAMS 0x0000000086900000, 0x0000000086800000| Complete 
| 105|0x0000000086900000, 0x0000000086a00000, 0x0000000086a00000|100%|HC|  |TAMS 0x0000000086a00000, 0x0000000086900000| Complete 
| 106|0x0000000086a00000, 0x0000000086b00000, 0x0000000086b00000|100%|HC|  |TAMS 0x0000000086b00000, 0x0000000086a00000| Complete 
| 107|0x0000000086b00000, 0x0000000086c00000, 0x0000000086c00000|100%| O|  |TAMS 0x0000000086c00000, 0x0000000086b00000| Untracked 
| 108|0x0000000086c00000, 0x0000000086d00000, 0x0000000086d00000|100%| O|  |TAMS 0x0000000086d00000, 0x0000000086c00000| Complete 
| 109|0x0000000086d00000, 0x0000000086e00000, 0x0000000086e00000|100%| O|  |TAMS 0x0000000086e00000, 0x0000000086d00000| Complete 
| 110|0x0000000086e00000, 0x0000000086f00000, 0x0000000086f00000|100%| O|  |TAMS 0x0000000086f00000, 0x0000000086e00000| Untracked 
| 111|0x0000000086f00000, 0x0000000087000000, 0x0000000087000000|100%| O|  |TAMS 0x0000000087000000, 0x0000000086f00000| Untracked 
| 112|0x0000000087000000, 0x0000000087100000, 0x0000000087100000|100%| O|  |TAMS 0x0000000087100000, 0x0000000087000000| Complete 
| 113|0x0000000087100000, 0x0000000087200000, 0x0000000087200000|100%| O|  |TAMS 0x0000000087200000, 0x0000000087100000| Complete 
| 114|0x0000000087200000, 0x0000000087300000, 0x0000000087300000|100%|HS|  |TAMS 0x0000000087300000, 0x0000000087200000| Complete 
| 115|0x0000000087300000, 0x0000000087400000, 0x0000000087400000|100%|HC|  |TAMS 0x0000000087400000, 0x0000000087300000| Complete 
| 116|0x0000000087400000, 0x0000000087500000, 0x0000000087500000|100%|HC|  |TAMS 0x0000000087500000, 0x0000000087400000| Complete 
| 117|0x0000000087500000, 0x0000000087600000, 0x0000000087600000|100%|HC|  |TAMS 0x0000000087600000, 0x0000000087500000| Complete 
| 118|0x0000000087600000, 0x0000000087700000, 0x0000000087700000|100%| O|  |TAMS 0x0000000087700000, 0x0000000087600000| Complete 
| 119|0x0000000087700000, 0x0000000087800000, 0x0000000087800000|100%| O|  |TAMS 0x0000000087800000, 0x0000000087700000| Complete 
| 120|0x0000000087800000, 0x0000000087900000, 0x0000000087900000|100%| O|  |TAMS 0x0000000087900000, 0x0000000087800000| Untracked 
| 121|0x0000000087900000, 0x0000000087a00000, 0x0000000087a00000|100%| O|  |TAMS 0x0000000087a00000, 0x0000000087900000| Complete 
| 122|0x0000000087a00000, 0x0000000087b00000, 0x0000000087b00000|100%|HS|  |TAMS 0x0000000087b00000, 0x0000000087a00000| Complete 
| 123|0x0000000087b00000, 0x0000000087c00000, 0x0000000087c00000|100%|HC|  |TAMS 0x0000000087c00000, 0x0000000087b00000| Complete 
| 124|0x0000000087c00000, 0x0000000087d00000, 0x0000000087d00000|100%|HC|  |TAMS 0x0000000087d00000, 0x0000000087c00000| Complete 
| 125|0x0000000087d00000, 0x0000000087e00000, 0x0000000087e00000|100%|HC|  |TAMS 0x0000000087e00000, 0x0000000087d00000| Complete 
| 126|0x0000000087e00000, 0x0000000087f00000, 0x0000000087f00000|100%|HS|  |TAMS 0x0000000087f00000, 0x0000000087e00000| Complete 
| 127|0x0000000087f00000, 0x0000000088000000, 0x0000000088000000|100%|HC|  |TAMS 0x0000000088000000, 0x0000000087f00000| Complete 
| 128|0x0000000088000000, 0x0000000088100000, 0x0000000088100000|100%|HC|  |TAMS 0x0000000088100000, 0x0000000088000000| Complete 
| 129|0x0000000088100000, 0x0000000088200000, 0x0000000088200000|100%|HC|  |TAMS 0x0000000088200000, 0x0000000088100000| Complete 
| 130|0x0000000088200000, 0x0000000088300000, 0x0000000088300000|100%| O|  |TAMS 0x0000000088300000, 0x0000000088200000| Untracked 
| 131|0x0000000088300000, 0x0000000088400000, 0x0000000088400000|100%| O|  |TAMS 0x0000000088400000, 0x0000000088300000| Untracked 
| 132|0x0000000088400000, 0x0000000088500000, 0x0000000088500000|100%| O|  |TAMS 0x0000000088500000, 0x0000000088400000| Untracked 
| 133|0x0000000088500000, 0x0000000088600000, 0x0000000088600000|100%| O|  |TAMS 0x0000000088600000, 0x0000000088500000| Untracked 
| 134|0x0000000088600000, 0x0000000088700000, 0x0000000088700000|100%| O|  |TAMS 0x0000000088700000, 0x0000000088600000| Untracked 
| 135|0x0000000088700000, 0x0000000088800000, 0x0000000088800000|100%| O|  |TAMS 0x0000000088800000, 0x0000000088700000| Untracked 
| 136|0x0000000088800000, 0x0000000088900000, 0x0000000088900000|100%| O|  |TAMS 0x0000000088900000, 0x0000000088800000| Untracked 
| 137|0x0000000088900000, 0x0000000088a00000, 0x0000000088a00000|100%| O|  |TAMS 0x0000000088a00000, 0x0000000088900000| Untracked 
| 138|0x0000000088a00000, 0x0000000088b00000, 0x0000000088b00000|100%| O|  |TAMS 0x0000000088b00000, 0x0000000088a00000| Complete 
| 139|0x0000000088b00000, 0x0000000088c00000, 0x0000000088c00000|100%| O|  |TAMS 0x0000000088c00000, 0x0000000088b00000| Untracked 
| 140|0x0000000088c00000, 0x0000000088c59600, 0x0000000088d00000| 34%| O|  |TAMS 0x0000000088c59600, 0x0000000088c00000| Untracked 
| 141|0x0000000088d00000, 0x0000000088e00000, 0x0000000088e00000|100%| O|  |TAMS 0x0000000088e00000, 0x0000000088d00000| Complete 
| 142|0x0000000088e00000, 0x0000000088f00000, 0x0000000088f00000|100%| O|  |TAMS 0x0000000088f00000, 0x0000000088e00000| Untracked 
| 143|0x0000000088f00000, 0x0000000089000000, 0x0000000089000000|100%| O|  |TAMS 0x0000000089000000, 0x0000000088f00000| Complete 
| 144|0x0000000089000000, 0x0000000089100000, 0x0000000089100000|100%| O|  |TAMS 0x0000000089100000, 0x0000000089000000| Complete 
| 145|0x0000000089100000, 0x0000000089200000, 0x0000000089200000|100%| O|  |TAMS 0x0000000089200000, 0x0000000089100000| Complete 
| 146|0x0000000089200000, 0x0000000089300000, 0x0000000089300000|100%| O|  |TAMS 0x0000000089300000, 0x0000000089200000| Complete 
| 147|0x0000000089300000, 0x0000000089400000, 0x0000000089400000|100%| O|  |TAMS 0x0000000089400000, 0x0000000089300000| Complete 
| 148|0x0000000089400000, 0x0000000089500000, 0x0000000089500000|100%|HS|  |TAMS 0x0000000089400000, 0x0000000089400000| Complete 
| 149|0x0000000089500000, 0x0000000089600000, 0x0000000089600000|100%| O|  |TAMS 0x0000000089600000, 0x0000000089500000| Complete 
| 150|0x0000000089600000, 0x0000000089700000, 0x0000000089700000|100%| O|  |TAMS 0x0000000089700000, 0x0000000089600000| Complete 
| 151|0x0000000089700000, 0x0000000089800000, 0x0000000089800000|100%| O|  |TAMS 0x0000000089800000, 0x0000000089700000| Complete 
| 152|0x0000000089800000, 0x0000000089900000, 0x0000000089900000|100%| O|  |TAMS 0x0000000089900000, 0x0000000089800000| Untracked 
| 153|0x0000000089900000, 0x0000000089a00000, 0x0000000089a00000|100%| O|  |TAMS 0x0000000089a00000, 0x0000000089900000| Complete 
| 154|0x0000000089a00000, 0x0000000089b00000, 0x0000000089b00000|100%| O|  |TAMS 0x0000000089b00000, 0x0000000089a00000| Complete 
| 155|0x0000000089b00000, 0x0000000089c00000, 0x0000000089c00000|100%| O|  |TAMS 0x0000000089c00000, 0x0000000089b00000| Untracked 
| 156|0x0000000089c00000, 0x0000000089d00000, 0x0000000089d00000|100%| O|  |TAMS 0x0000000089d00000, 0x0000000089c00000| Untracked 
| 157|0x0000000089d00000, 0x0000000089e00000, 0x0000000089e00000|100%| O|  |TAMS 0x0000000089e00000, 0x0000000089d00000| Untracked 
| 158|0x0000000089e00000, 0x0000000089f00000, 0x0000000089f00000|100%| O|  |TAMS 0x0000000089f00000, 0x0000000089e00000| Untracked 
| 159|0x0000000089f00000, 0x000000008a000000, 0x000000008a000000|100%| O|  |TAMS 0x000000008a000000, 0x0000000089f00000| Untracked 
| 160|0x000000008a000000, 0x000000008a100000, 0x000000008a100000|100%| O|  |TAMS 0x000000008a100000, 0x000000008a000000| Untracked 
| 161|0x000000008a100000, 0x000000008a200000, 0x000000008a200000|100%| O|  |TAMS 0x000000008a200000, 0x000000008a100000| Untracked 
| 162|0x000000008a200000, 0x000000008a300000, 0x000000008a300000|100%| O|  |TAMS 0x000000008a300000, 0x000000008a200000| Untracked 
| 163|0x000000008a300000, 0x000000008a400000, 0x000000008a400000|100%| O|  |TAMS 0x000000008a400000, 0x000000008a300000| Untracked 
| 164|0x000000008a400000, 0x000000008a500000, 0x000000008a500000|100%| O|  |TAMS 0x000000008a500000, 0x000000008a400000| Untracked 
| 165|0x000000008a500000, 0x000000008a600000, 0x000000008a600000|100%| O|  |TAMS 0x000000008a600000, 0x000000008a500000| Untracked 
| 166|0x000000008a600000, 0x000000008a700000, 0x000000008a700000|100%| O|  |TAMS 0x000000008a700000, 0x000000008a600000| Untracked 
| 167|0x000000008a700000, 0x000000008a800000, 0x000000008a800000|100%| O|  |TAMS 0x000000008a800000, 0x000000008a700000| Untracked 
| 168|0x000000008a800000, 0x000000008a900000, 0x000000008a900000|100%| O|  |TAMS 0x000000008a900000, 0x000000008a800000| Untracked 
| 169|0x000000008a900000, 0x000000008aa00000, 0x000000008aa00000|100%| O|  |TAMS 0x000000008aa00000, 0x000000008a900000| Untracked 
| 170|0x000000008aa00000, 0x000000008ab00000, 0x000000008ab00000|100%| O|  |TAMS 0x000000008ab00000, 0x000000008aa00000| Complete 
| 171|0x000000008ab00000, 0x000000008ac00000, 0x000000008ac00000|100%| O|  |TAMS 0x000000008ac00000, 0x000000008ab00000| Untracked 
| 172|0x000000008ac00000, 0x000000008ad00000, 0x000000008ad00000|100%| O|  |TAMS 0x000000008ad00000, 0x000000008ac00000| Untracked 
| 173|0x000000008ad00000, 0x000000008ae00000, 0x000000008ae00000|100%| O|  |TAMS 0x000000008ae00000, 0x000000008ad00000| Untracked 
| 174|0x000000008ae00000, 0x000000008af00000, 0x000000008af00000|100%| O|  |TAMS 0x000000008af00000, 0x000000008ae00000| Untracked 
| 175|0x000000008af00000, 0x000000008b000000, 0x000000008b000000|100%| O|  |TAMS 0x000000008b000000, 0x000000008af00000| Untracked 
| 176|0x000000008b000000, 0x000000008b100000, 0x000000008b100000|100%| O|  |TAMS 0x000000008b100000, 0x000000008b000000| Complete 
| 177|0x000000008b100000, 0x000000008b200000, 0x000000008b200000|100%| O|  |TAMS 0x000000008b200000, 0x000000008b100000| Complete 
| 178|0x000000008b200000, 0x000000008b300000, 0x000000008b300000|100%| O|  |TAMS 0x000000008b300000, 0x000000008b200000| Complete 
| 179|0x000000008b300000, 0x000000008b400000, 0x000000008b400000|100%|HS|  |TAMS 0x000000008b300000, 0x000000008b300000| Complete 
| 180|0x000000008b400000, 0x000000008b500000, 0x000000008b500000|100%|HC|  |TAMS 0x000000008b400000, 0x000000008b400000| Complete 
| 181|0x000000008b500000, 0x000000008b600000, 0x000000008b600000|100%|HS|  |TAMS 0x000000008b500000, 0x000000008b500000| Complete 
| 182|0x000000008b600000, 0x000000008b600000, 0x000000008b700000|  0%| F|  |TAMS 0x000000008b600000, 0x000000008b600000| Untracked 
| 183|0x000000008b700000, 0x000000008b800000, 0x000000008b800000|100%| O|  |TAMS 0x000000008b800000, 0x000000008b700000| Complete 
| 184|0x000000008b800000, 0x000000008b900000, 0x000000008b900000|100%|HS|  |TAMS 0x000000008b800000, 0x000000008b800000| Complete 
| 185|0x000000008b900000, 0x000000008ba00000, 0x000000008ba00000|100%|HC|  |TAMS 0x000000008b900000, 0x000000008b900000| Complete 
| 186|0x000000008ba00000, 0x000000008bb00000, 0x000000008bb00000|100%|HS|  |TAMS 0x000000008ba00000, 0x000000008ba00000| Complete 
| 187|0x000000008bb00000, 0x000000008bc00000, 0x000000008bc00000|100%|HC|  |TAMS 0x000000008bb00000, 0x000000008bb00000| Complete 
| 188|0x000000008bc00000, 0x000000008bc00000, 0x000000008bd00000|  0%| F|  |TAMS 0x000000008bc00000, 0x000000008bc00000| Untracked 
| 189|0x000000008bd00000, 0x000000008be00000, 0x000000008be00000|100%| O|  |TAMS 0x000000008be00000, 0x000000008bd00000| Untracked 
| 190|0x000000008be00000, 0x000000008be00000, 0x000000008bf00000|  0%| F|  |TAMS 0x000000008be00000, 0x000000008be00000| Untracked 
| 191|0x000000008bf00000, 0x000000008bf00000, 0x000000008c000000|  0%| F|  |TAMS 0x000000008bf00000, 0x000000008bf00000| Untracked 
| 192|0x000000008c000000, 0x000000008c000000, 0x000000008c100000|  0%| F|  |TAMS 0x000000008c000000, 0x000000008c000000| Untracked 
| 193|0x000000008c100000, 0x000000008c100000, 0x000000008c200000|  0%| F|  |TAMS 0x000000008c100000, 0x000000008c100000| Untracked 
| 194|0x000000008c200000, 0x000000008c200000, 0x000000008c300000|  0%| F|  |TAMS 0x000000008c200000, 0x000000008c200000| Untracked 
| 195|0x000000008c300000, 0x000000008c300000, 0x000000008c400000|  0%| F|  |TAMS 0x000000008c300000, 0x000000008c300000| Untracked 
| 196|0x000000008c400000, 0x000000008c400000, 0x000000008c500000|  0%| F|  |TAMS 0x000000008c400000, 0x000000008c400000| Untracked 
| 197|0x000000008c500000, 0x000000008c500000, 0x000000008c600000|  0%| F|  |TAMS 0x000000008c500000, 0x000000008c500000| Untracked 
| 198|0x000000008c600000, 0x000000008c600000, 0x000000008c700000|  0%| F|  |TAMS 0x000000008c600000, 0x000000008c600000| Untracked 
| 199|0x000000008c700000, 0x000000008c700000, 0x000000008c800000|  0%| F|  |TAMS 0x000000008c700000, 0x000000008c700000| Untracked 
| 200|0x000000008c800000, 0x000000008c800000, 0x000000008c900000|  0%| F|  |TAMS 0x000000008c800000, 0x000000008c800000| Untracked 
| 201|0x000000008c900000, 0x000000008c900000, 0x000000008ca00000|  0%| F|  |TAMS 0x000000008c900000, 0x000000008c900000| Untracked 
| 202|0x000000008ca00000, 0x000000008ca00000, 0x000000008cb00000|  0%| F|  |TAMS 0x000000008ca00000, 0x000000008ca00000| Untracked 
| 203|0x000000008cb00000, 0x000000008cb00000, 0x000000008cc00000|  0%| F|  |TAMS 0x000000008cb00000, 0x000000008cb00000| Untracked 
| 204|0x000000008cc00000, 0x000000008cc00000, 0x000000008cd00000|  0%| F|  |TAMS 0x000000008cc00000, 0x000000008cc00000| Untracked 
| 205|0x000000008cd00000, 0x000000008cd00000, 0x000000008ce00000|  0%| F|  |TAMS 0x000000008cd00000, 0x000000008cd00000| Untracked 
| 206|0x000000008ce00000, 0x000000008ce00000, 0x000000008cf00000|  0%| F|  |TAMS 0x000000008ce00000, 0x000000008ce00000| Untracked 
| 207|0x000000008cf00000, 0x000000008cf00000, 0x000000008d000000|  0%| F|  |TAMS 0x000000008cf00000, 0x000000008cf00000| Untracked 
| 208|0x000000008d000000, 0x000000008d000000, 0x000000008d100000|  0%| F|  |TAMS 0x000000008d000000, 0x000000008d000000| Untracked 
| 209|0x000000008d100000, 0x000000008d100000, 0x000000008d200000|  0%| F|  |TAMS 0x000000008d100000, 0x000000008d100000| Untracked 
| 210|0x000000008d200000, 0x000000008d200000, 0x000000008d300000|  0%| F|  |TAMS 0x000000008d200000, 0x000000008d200000| Untracked 
| 211|0x000000008d300000, 0x000000008d300000, 0x000000008d400000|  0%| F|  |TAMS 0x000000008d300000, 0x000000008d300000| Untracked 
| 212|0x000000008d400000, 0x000000008d400000, 0x000000008d500000|  0%| F|  |TAMS 0x000000008d400000, 0x000000008d400000| Untracked 
| 213|0x000000008d500000, 0x000000008d500000, 0x000000008d600000|  0%| F|  |TAMS 0x000000008d500000, 0x000000008d500000| Untracked 
| 214|0x000000008d600000, 0x000000008d600000, 0x000000008d700000|  0%| F|  |TAMS 0x000000008d600000, 0x000000008d600000| Untracked 
| 215|0x000000008d700000, 0x000000008d700000, 0x000000008d800000|  0%| F|  |TAMS 0x000000008d700000, 0x000000008d700000| Untracked 
| 216|0x000000008d800000, 0x000000008d800000, 0x000000008d900000|  0%| F|  |TAMS 0x000000008d800000, 0x000000008d800000| Untracked 
| 217|0x000000008d900000, 0x000000008d900000, 0x000000008da00000|  0%| F|  |TAMS 0x000000008d900000, 0x000000008d900000| Untracked 
| 218|0x000000008da00000, 0x000000008da00000, 0x000000008db00000|  0%| F|  |TAMS 0x000000008da00000, 0x000000008da00000| Untracked 
| 219|0x000000008db00000, 0x000000008db00000, 0x000000008dc00000|  0%| F|  |TAMS 0x000000008db00000, 0x000000008db00000| Untracked 
| 220|0x000000008dc00000, 0x000000008dc00000, 0x000000008dd00000|  0%| F|  |TAMS 0x000000008dc00000, 0x000000008dc00000| Untracked 
| 221|0x000000008dd00000, 0x000000008dd00000, 0x000000008de00000|  0%| F|  |TAMS 0x000000008dd00000, 0x000000008dd00000| Untracked 
| 222|0x000000008de00000, 0x000000008de00000, 0x000000008df00000|  0%| F|  |TAMS 0x000000008de00000, 0x000000008de00000| Untracked 
| 223|0x000000008df00000, 0x000000008df00000, 0x000000008e000000|  0%| F|  |TAMS 0x000000008df00000, 0x000000008df00000| Untracked 
| 224|0x000000008e000000, 0x000000008e000000, 0x000000008e100000|  0%| F|  |TAMS 0x000000008e000000, 0x000000008e000000| Untracked 
| 225|0x000000008e100000, 0x000000008e100000, 0x000000008e200000|  0%| F|  |TAMS 0x000000008e100000, 0x000000008e100000| Untracked 
| 226|0x000000008e200000, 0x000000008e200000, 0x000000008e300000|  0%| F|  |TAMS 0x000000008e200000, 0x000000008e200000| Untracked 
| 227|0x000000008e300000, 0x000000008e300000, 0x000000008e400000|  0%| F|  |TAMS 0x000000008e300000, 0x000000008e300000| Untracked 
| 228|0x000000008e400000, 0x000000008e400000, 0x000000008e500000|  0%| F|  |TAMS 0x000000008e400000, 0x000000008e400000| Untracked 
| 229|0x000000008e500000, 0x000000008e500000, 0x000000008e600000|  0%| F|  |TAMS 0x000000008e500000, 0x000000008e500000| Untracked 
| 230|0x000000008e600000, 0x000000008e600000, 0x000000008e700000|  0%| F|  |TAMS 0x000000008e600000, 0x000000008e600000| Untracked 
| 231|0x000000008e700000, 0x000000008e700000, 0x000000008e800000|  0%| F|  |TAMS 0x000000008e700000, 0x000000008e700000| Untracked 
| 232|0x000000008e800000, 0x000000008e800000, 0x000000008e900000|  0%| F|  |TAMS 0x000000008e800000, 0x000000008e800000| Untracked 
| 233|0x000000008e900000, 0x000000008e900000, 0x000000008ea00000|  0%| F|  |TAMS 0x000000008e900000, 0x000000008e900000| Untracked 
| 234|0x000000008ea00000, 0x000000008ea00000, 0x000000008eb00000|  0%| F|  |TAMS 0x000000008ea00000, 0x000000008ea00000| Untracked 
| 235|0x000000008eb00000, 0x000000008eb00000, 0x000000008ec00000|  0%| F|  |TAMS 0x000000008eb00000, 0x000000008eb00000| Untracked 
| 236|0x000000008ec00000, 0x000000008ec00000, 0x000000008ed00000|  0%| F|  |TAMS 0x000000008ec00000, 0x000000008ec00000| Untracked 
| 237|0x000000008ed00000, 0x000000008ed00000, 0x000000008ee00000|  0%| F|  |TAMS 0x000000008ed00000, 0x000000008ed00000| Untracked 
| 238|0x000000008ee00000, 0x000000008ee00000, 0x000000008ef00000|  0%| F|  |TAMS 0x000000008ee00000, 0x000000008ee00000| Untracked 
| 239|0x000000008ef00000, 0x000000008ef00000, 0x000000008f000000|  0%| F|  |TAMS 0x000000008ef00000, 0x000000008ef00000| Untracked 
| 240|0x000000008f000000, 0x000000008f000000, 0x000000008f100000|  0%| F|  |TAMS 0x000000008f000000, 0x000000008f000000| Untracked 
| 241|0x000000008f100000, 0x000000008f100000, 0x000000008f200000|  0%| F|  |TAMS 0x000000008f100000, 0x000000008f100000| Untracked 
| 242|0x000000008f200000, 0x000000008f200000, 0x000000008f300000|  0%| F|  |TAMS 0x000000008f200000, 0x000000008f200000| Untracked 
| 243|0x000000008f300000, 0x000000008f300000, 0x000000008f400000|  0%| F|  |TAMS 0x000000008f300000, 0x000000008f300000| Untracked 
| 244|0x000000008f400000, 0x000000008f400000, 0x000000008f500000|  0%| F|  |TAMS 0x000000008f400000, 0x000000008f400000| Untracked 
| 245|0x000000008f500000, 0x000000008f500000, 0x000000008f600000|  0%| F|  |TAMS 0x000000008f500000, 0x000000008f500000| Untracked 
| 246|0x000000008f600000, 0x000000008f600000, 0x000000008f700000|  0%| F|  |TAMS 0x000000008f600000, 0x000000008f600000| Untracked 
| 247|0x000000008f700000, 0x000000008f700000, 0x000000008f800000|  0%| F|  |TAMS 0x000000008f700000, 0x000000008f700000| Untracked 
| 248|0x000000008f800000, 0x000000008f800000, 0x000000008f900000|  0%| F|  |TAMS 0x000000008f800000, 0x000000008f800000| Untracked 
| 249|0x000000008f900000, 0x000000008f900000, 0x000000008fa00000|  0%| F|  |TAMS 0x000000008f900000, 0x000000008f900000| Untracked 
| 250|0x000000008fa00000, 0x000000008fa00000, 0x000000008fb00000|  0%| F|  |TAMS 0x000000008fa00000, 0x000000008fa00000| Untracked 
| 251|0x000000008fb00000, 0x000000008fb00000, 0x000000008fc00000|  0%| F|  |TAMS 0x000000008fb00000, 0x000000008fb00000| Untracked 
| 252|0x000000008fc00000, 0x000000008fc00000, 0x000000008fd00000|  0%| F|  |TAMS 0x000000008fc00000, 0x000000008fc00000| Untracked 
| 253|0x000000008fd00000, 0x000000008fd00000, 0x000000008fe00000|  0%| F|  |TAMS 0x000000008fd00000, 0x000000008fd00000| Untracked 
| 254|0x000000008fe00000, 0x000000008fe00000, 0x000000008ff00000|  0%| F|  |TAMS 0x000000008fe00000, 0x000000008fe00000| Untracked 
| 255|0x000000008ff00000, 0x0000000090000000, 0x0000000090000000|100%| S|CS|TAMS 0x000000008ff00000, 0x000000008ff00000| Complete 
| 256|0x0000000090000000, 0x0000000090100000, 0x0000000090100000|100%| S|CS|TAMS 0x0000000090000000, 0x0000000090000000| Complete 
| 257|0x0000000090100000, 0x0000000090200000, 0x0000000090200000|100%| S|CS|TAMS 0x0000000090100000, 0x0000000090100000| Complete 
| 258|0x0000000090200000, 0x0000000090300000, 0x0000000090300000|100%| S|CS|TAMS 0x0000000090200000, 0x0000000090200000| Complete 
| 259|0x0000000090300000, 0x0000000090300000, 0x0000000090400000|  0%| F|  |TAMS 0x0000000090300000, 0x0000000090300000| Untracked 
| 260|0x0000000090400000, 0x0000000090400000, 0x0000000090500000|  0%| F|  |TAMS 0x0000000090400000, 0x0000000090400000| Untracked 
| 261|0x0000000090500000, 0x0000000090500000, 0x0000000090600000|  0%| F|  |TAMS 0x0000000090500000, 0x0000000090500000| Untracked 
| 262|0x0000000090600000, 0x0000000090600000, 0x0000000090700000|  0%| F|  |TAMS 0x0000000090600000, 0x0000000090600000| Untracked 
| 263|0x0000000090700000, 0x0000000090700000, 0x0000000090800000|  0%| F|  |TAMS 0x0000000090700000, 0x0000000090700000| Untracked 
| 264|0x0000000090800000, 0x0000000090800000, 0x0000000090900000|  0%| F|  |TAMS 0x0000000090800000, 0x0000000090800000| Untracked 
| 265|0x0000000090900000, 0x0000000090900000, 0x0000000090a00000|  0%| F|  |TAMS 0x0000000090900000, 0x0000000090900000| Untracked 
| 266|0x0000000090a00000, 0x0000000090a00000, 0x0000000090b00000|  0%| F|  |TAMS 0x0000000090a00000, 0x0000000090a00000| Untracked 
| 267|0x0000000090b00000, 0x0000000090b00000, 0x0000000090c00000|  0%| F|  |TAMS 0x0000000090b00000, 0x0000000090b00000| Untracked 
| 268|0x0000000090c00000, 0x0000000090c00000, 0x0000000090d00000|  0%| F|  |TAMS 0x0000000090c00000, 0x0000000090c00000| Untracked 
| 269|0x0000000090d00000, 0x0000000090d00000, 0x0000000090e00000|  0%| F|  |TAMS 0x0000000090d00000, 0x0000000090d00000| Untracked 
| 270|0x0000000090e00000, 0x0000000090e00000, 0x0000000090f00000|  0%| F|  |TAMS 0x0000000090e00000, 0x0000000090e00000| Untracked 
| 271|0x0000000090f00000, 0x0000000090f00000, 0x0000000091000000|  0%| F|  |TAMS 0x0000000090f00000, 0x0000000090f00000| Untracked 
| 272|0x0000000091000000, 0x0000000091000000, 0x0000000091100000|  0%| F|  |TAMS 0x0000000091000000, 0x0000000091000000| Untracked 
| 273|0x0000000091100000, 0x0000000091100000, 0x0000000091200000|  0%| F|  |TAMS 0x0000000091100000, 0x0000000091100000| Untracked 
| 274|0x0000000091200000, 0x0000000091200000, 0x0000000091300000|  0%| F|  |TAMS 0x0000000091200000, 0x0000000091200000| Untracked 
| 275|0x0000000091300000, 0x0000000091300000, 0x0000000091400000|  0%| F|  |TAMS 0x0000000091300000, 0x0000000091300000| Untracked 
| 276|0x0000000091400000, 0x0000000091400000, 0x0000000091500000|  0%| F|  |TAMS 0x0000000091400000, 0x0000000091400000| Untracked 
| 277|0x0000000091500000, 0x0000000091500000, 0x0000000091600000|  0%| F|  |TAMS 0x0000000091500000, 0x0000000091500000| Untracked 
| 278|0x0000000091600000, 0x0000000091600000, 0x0000000091700000|  0%| F|  |TAMS 0x0000000091600000, 0x0000000091600000| Untracked 
| 279|0x0000000091700000, 0x0000000091785360, 0x0000000091800000| 52%| E|  |TAMS 0x0000000091700000, 0x0000000091700000| Complete 
| 280|0x0000000091800000, 0x0000000091900000, 0x0000000091900000|100%| E|CS|TAMS 0x0000000091800000, 0x0000000091800000| Complete 
| 281|0x0000000091900000, 0x0000000091a00000, 0x0000000091a00000|100%| E|CS|TAMS 0x0000000091900000, 0x0000000091900000| Complete 
| 282|0x0000000091a00000, 0x0000000091b00000, 0x0000000091b00000|100%| E|CS|TAMS 0x0000000091a00000, 0x0000000091a00000| Complete 
| 283|0x0000000091b00000, 0x0000000091c00000, 0x0000000091c00000|100%| E|CS|TAMS 0x0000000091b00000, 0x0000000091b00000| Complete 
| 284|0x0000000091c00000, 0x0000000091d00000, 0x0000000091d00000|100%| E|CS|TAMS 0x0000000091c00000, 0x0000000091c00000| Complete 
| 285|0x0000000091d00000, 0x0000000091e00000, 0x0000000091e00000|100%| E|CS|TAMS 0x0000000091d00000, 0x0000000091d00000| Complete 

Card table byte_map: [0x00000270c1910000,0x00000270c1d10000] _byte_map_base: 0x00000270c1510000

Marking Bits (Prev, Next): (CMBitMap*) 0x00000270aea405a0, (CMBitMap*) 0x00000270aea40568
 Prev Bits: [0x00000270c4110000, 0x00000270c6110000)
 Next Bits: [0x00000270c2110000, 0x00000270c4110000)

Polling page: 0x00000270ae1e0000

Metaspace:

Usage:
  Non-class:    146.90 MB capacity,   143.90 MB ( 98%) used,     2.43 MB (  2%) free+waste,   580.56 KB ( <1%) overhead. 
      Class:     21.68 MB capacity,    19.94 MB ( 92%) used,     1.50 MB (  7%) free+waste,   250.63 KB (  1%) overhead. 
       Both:    168.58 MB capacity,   163.83 MB ( 97%) used,     3.93 MB (  2%) free+waste,   831.19 KB ( <1%) overhead. 

Virtual space:
  Non-class space:      148.00 MB reserved,     147.50 MB (>99%) committed 
      Class space:        1.00 GB reserved,      21.88 MB (  2%) committed 
             Both:        1.14 GB reserved,     169.38 MB ( 14%) committed 

Chunk freelists:
   Non-Class:  553.00 KB
       Class:  165.00 KB
        Both:  718.00 KB

MaxMetaspaceSize: 17179869184.00 GB
CompressedClassSpaceSize: 1.00 GB
Initial GC threshold: 20.80 MB
Current GC threshold: 282.29 MB
CDS: off

CodeHeap 'non-profiled nmethods': size=120064Kb used=24338Kb max_used=25079Kb free=95725Kb
 bounds [0x00000270b9fd0000, 0x00000270bb850000, 0x00000270c1510000]
CodeHeap 'profiled nmethods': size=120000Kb used=60422Kb max_used=62748Kb free=59577Kb
 bounds [0x00000270b2aa0000, 0x00000270b6820000, 0x00000270b9fd0000]
CodeHeap 'non-nmethods': size=5696Kb used=2564Kb max_used=2632Kb free=3131Kb
 bounds [0x00000270b2510000, 0x00000270b27b0000, 0x00000270b2aa0000]
 total_blobs=28190 nmethods=27081 adapters=1018
 compilation: enabled
              stopped_count=0, restarted_count=0
 full_count=0

Compilation events (20 events):
Event: 21704.674 Thread 0x00000270c861d000 nmethod 33339 0x00000270ba994f10 code [0x00000270ba995100, 0x00000270ba9956a8]
Event: 21704.674 Thread 0x00000270c861d000 33355       4       org.apache.xerces.dom.AttrImpl::normalize (124 bytes)
Event: 21704.674 Thread 0x00000270c8620800 33358 % !   3       com.android.ide.common.resources.MergedResourceWriter::postWriteAction @ 438 (1328 bytes)
Event: 21704.716 Thread 0x00000270c8620800 nmethod 33358% 0x00000270b67eea90 code [0x00000270b67f0200, 0x00000270b67ff6e8]
Event: 21704.716 Thread 0x00000270c861d000 nmethod 33355 0x00000270ba52c390 code [0x00000270ba52c540, 0x00000270ba52c708]
Event: 21704.716 Thread 0x00000270c861d000 33360       4       org.apache.xerces.dom.NamedNodeMapImpl::setOwnerDocument (43 bytes)
Event: 21704.718 Thread 0x00000270c8620800 33365   !   3       com.android.ide.common.resources.MergedResourceWriter::postWriteAction (1328 bytes)
Event: 21704.721 Thread 0x00000270c861d000 nmethod 33360 0x00000270ba973410 code [0x00000270ba9735c0, 0x00000270ba9738f8]
Event: 21704.722 Thread 0x00000270c861d000 33364       4       org.apache.xerces.dom.ElementImpl::normalize (169 bytes)
Event: 21704.751 Thread 0x00000270c8620800 nmethod 33365 0x00000270b6807410 code [0x00000270b6808b60, 0x00000270b68178a8]
Event: 21704.751 Thread 0x00000270c8620800 33366       3       org.apache.xerces.dom.CharacterDataImpl::appendData (69 bytes)
Event: 21704.752 Thread 0x00000270c8620800 nmethod 33366 0x00000270b2c70d10 code [0x00000270b2c70fe0, 0x00000270b2c721d8]
Event: 21704.766 Thread 0x00000270c8620800 33369       3       org.apache.xerces.dom.DocumentImpl::modifyingCharacterData (17 bytes)
Event: 21704.778 Thread 0x00000270c8620800 nmethod 33369 0x00000270b2b2bb90 code [0x00000270b2b2bd40, 0x00000270b2b2bf68]
Event: 21704.778 Thread 0x00000270c8620800 33370       3       org.apache.xerces.dom.DocumentImpl::modifiedCharacterData (17 bytes)
Event: 21704.778 Thread 0x00000270c8620800 nmethod 33370 0x00000270b2ad3990 code [0x00000270b2ad3b40, 0x00000270b2ad3ca8]
Event: 21704.779 Thread 0x00000270c8620800 33371       3       org.apache.xerces.dom.DocumentImpl::replacedText (13 bytes)
Event: 21704.779 Thread 0x00000270c8620800 nmethod 33371 0x00000270b2b29f10 code [0x00000270b2b2a0c0, 0x00000270b2b2a228]
Event: 21704.779 Thread 0x00000270c8620800 33372       3       org.apache.xerces.dom.CharacterDataImpl::setNodeValueInternal (79 bytes)
Event: 21704.780 Thread 0x00000270c8620800 nmethod 33372 0x00000270b2b1d290 code [0x00000270b2b1d4e0, 0x00000270b2b1df98]

GC Heap History (20 events):
Event: 16819.269 GC heap before
{Heap before GC invocations=231 (full 0):
 garbage-first heap   total 292864K, used 169017K [0x0000000080000000, 0x0000000100000000)
  region size 1024K, 14 young (14336K), 5 survivors (5120K)
 Metaspace       used 166835K, capacity 171561K, committed 172032K, reserved 1200128K
  class space    used 20409K, capacity 22176K, committed 22272K, reserved 1048576K
}
Event: 16819.299 GC heap after
{Heap after GC invocations=232 (full 0):
 garbage-first heap   total 292864K, used 155435K [0x0000000080000000, 0x0000000100000000)
  region size 1024K, 2 young (2048K), 2 survivors (2048K)
 Metaspace       used 166835K, capacity 171561K, committed 172032K, reserved 1200128K
  class space    used 20409K, capacity 22176K, committed 22272K, reserved 1048576K
}
Event: 18372.454 GC heap before
{Heap before GC invocations=232 (full 0):
 garbage-first heap   total 292864K, used 218923K [0x0000000080000000, 0x0000000100000000)
  region size 1024K, 64 young (65536K), 2 survivors (2048K)
 Metaspace       used 167550K, capacity 172480K, committed 172672K, reserved 1200128K
  class space    used 20478K, capacity 22297K, committed 22400K, reserved 1048576K
}
Event: 18372.483 GC heap after
{Heap after GC invocations=233 (full 0):
 garbage-first heap   total 292864K, used 158255K [0x0000000080000000, 0x0000000100000000)
  region size 1024K, 5 young (5120K), 5 survivors (5120K)
 Metaspace       used 167550K, capacity 172480K, committed 172672K, reserved 1200128K
  class space    used 20478K, capacity 22297K, committed 22400K, reserved 1048576K
}
Event: 21665.111 GC heap before
{Heap before GC invocations=234 (full 0):
 garbage-first heap   total 292864K, used 223791K [0x0000000080000000, 0x0000000100000000)
  region size 1024K, 69 young (70656K), 5 survivors (5120K)
 Metaspace       used 167069K, capacity 171707K, committed 172672K, reserved 1200128K
  class space    used 20337K, capacity 22018K, committed 22400K, reserved 1048576K
}
Event: 21665.159 GC heap after
{Heap after GC invocations=235 (full 0):
 garbage-first heap   total 292864K, used 158759K [0x0000000080000000, 0x0000000100000000)
  region size 1024K, 5 young (5120K), 5 survivors (5120K)
 Metaspace       used 167069K, capacity 171707K, committed 172672K, reserved 1200128K
  class space    used 20337K, capacity 22018K, committed 22400K, reserved 1048576K
}
Event: 21667.642 GC heap before
{Heap before GC invocations=235 (full 0):
 garbage-first heap   total 292864K, used 166951K [0x0000000080000000, 0x0000000100000000)
  region size 1024K, 14 young (14336K), 5 survivors (5120K)
 Metaspace       used 167350K, capacity 172167K, committed 172672K, reserved 1200128K
  class space    used 20400K, capacity 22132K, committed 22400K, reserved 1048576K
}
Event: 21668.053 GC heap after
{Heap after GC invocations=236 (full 0):
 garbage-first heap   total 292864K, used 158494K [0x0000000080000000, 0x0000000100000000)
  region size 1024K, 2 young (2048K), 2 survivors (2048K)
 Metaspace       used 167350K, capacity 172167K, committed 172672K, reserved 1200128K
  class space    used 20400K, capacity 22132K, committed 22400K, reserved 1048576K
}
Event: 21674.730 GC heap before
{Heap before GC invocations=236 (full 0):
 garbage-first heap   total 292864K, used 203550K [0x0000000080000000, 0x0000000100000000)
  region size 1024K, 47 young (48128K), 2 survivors (2048K)
 Metaspace       used 167947K, capacity 173014K, committed 173184K, reserved 1200128K
  class space    used 20484K, capacity 22288K, committed 22400K, reserved 1048576K
}
Event: 21674.801 GC heap after
{Heap after GC invocations=237 (full 0):
 garbage-first heap   total 292864K, used 165458K [0x0000000080000000, 0x0000000100000000)
  region size 1024K, 6 young (6144K), 6 survivors (6144K)
 Metaspace       used 167947K, capacity 173014K, committed 173184K, reserved 1200128K
  class space    used 20484K, capacity 22288K, committed 22400K, reserved 1048576K
}
Event: 21686.984 GC heap before
{Heap before GC invocations=238 (full 0):
 garbage-first heap   total 292864K, used 208466K [0x0000000080000000, 0x0000000100000000)
  region size 1024K, 47 young (48128K), 6 survivors (6144K)
 Metaspace       used 167552K, capacity 172375K, committed 173440K, reserved 1200128K
  class space    used 20396K, capacity 22182K, committed 22400K, reserved 1048576K
}
Event: 21687.727 GC heap after
{Heap after GC invocations=239 (full 0):
 garbage-first heap   total 292864K, used 181939K [0x0000000080000000, 0x0000000100000000)
  region size 1024K, 6 young (6144K), 6 survivors (6144K)
 Metaspace       used 167552K, capacity 172375K, committed 173440K, reserved 1200128K
  class space    used 20396K, capacity 22182K, committed 22400K, reserved 1048576K
}
Event: 21691.202 GC heap before
{Heap before GC invocations=239 (full 0):
 garbage-first heap   total 292864K, used 190131K [0x0000000080000000, 0x0000000100000000)
  region size 1024K, 14 young (14336K), 6 survivors (6144K)
 Metaspace       used 167578K, capacity 172375K, committed 173440K, reserved 1200128K
  class space    used 20396K, capacity 22182K, committed 22400K, reserved 1048576K
}
Event: 21691.551 GC heap after
{Heap after GC invocations=240 (full 0):
 garbage-first heap   total 292864K, used 176640K [0x0000000080000000, 0x0000000100000000)
  region size 1024K, 2 young (2048K), 2 survivors (2048K)
 Metaspace       used 167578K, capacity 172375K, committed 173440K, reserved 1200128K
  class space    used 20396K, capacity 22182K, committed 22400K, reserved 1048576K
}
Event: 21696.004 GC heap before
{Heap before GC invocations=240 (full 0):
 garbage-first heap   total 292864K, used 190976K [0x0000000080000000, 0x0000000100000000)
  region size 1024K, 14 young (14336K), 2 survivors (2048K)
 Metaspace       used 167589K, capacity 172375K, committed 173440K, reserved 1200128K
  class space    used 20396K, capacity 22182K, committed 22400K, reserved 1048576K
}
Event: 21696.060 GC heap after
{Heap after GC invocations=241 (full 0):
 garbage-first heap   total 292864K, used 175104K [0x0000000080000000, 0x0000000100000000)
  region size 1024K, 2 young (2048K), 2 survivors (2048K)
 Metaspace       used 167589K, capacity 172375K, committed 173440K, reserved 1200128K
  class space    used 20396K, capacity 22182K, committed 22400K, reserved 1048576K
}
Event: 21699.544 GC heap before
{Heap before GC invocations=241 (full 0):
 garbage-first heap   total 292864K, used 187392K [0x0000000080000000, 0x0000000100000000)
  region size 1024K, 14 young (14336K), 2 survivors (2048K)
 Metaspace       used 167599K, capacity 172375K, committed 173440K, reserved 1200128K
  class space    used 20396K, capacity 22182K, committed 22400K, reserved 1048576K
}
Event: 21699.562 GC heap after
{Heap after GC invocations=242 (full 0):
 garbage-first heap   total 292864K, used 181954K [0x0000000080000000, 0x0000000100000000)
  region size 1024K, 2 young (2048K), 2 survivors (2048K)
 Metaspace       used 167599K, capacity 172375K, committed 173440K, reserved 1200128K
  class space    used 20396K, capacity 22182K, committed 22400K, reserved 1048576K
}
Event: 21704.820 GC heap before
{Heap before GC invocations=242 (full 0):
 garbage-first heap   total 292864K, used 207554K [0x0000000080000000, 0x0000000100000000)
  region size 1024K, 27 young (27648K), 2 survivors (2048K)
 Metaspace       used 167766K, capacity 172626K, committed 173440K, reserved 1200128K
  class space    used 20415K, capacity 22203K, committed 22400K, reserved 1048576K
}
Event: 21704.839 GC heap after
{Heap after GC invocations=243 (full 0):
 garbage-first heap   total 292864K, used 187749K [0x0000000080000000, 0x0000000100000000)
  region size 1024K, 4 young (4096K), 4 survivors (4096K)
 Metaspace       used 167766K, capacity 172626K, committed 173440K, reserved 1200128K
  class space    used 20415K, capacity 22203K, committed 22400K, reserved 1048576K
}

Deoptimization events (20 events):
Event: 21704.430 Thread 0x00000270ca107000 Uncommon trap: trap_request=0xffffff4d fr.pc=0x00000270bb155934 relative=0x0000000000004974
Event: 21704.430 Thread 0x00000270ca107000 Uncommon trap: reason=unstable_if action=reinterpret pc=0x00000270bb155934 method=java.io.ObjectInputStream$HandleTable.finish(I)V @ 4 c2
Event: 21704.430 Thread 0x00000270ca107000 DEOPT PACKING pc=0x00000270bb155934 sp=0x0000009814dfe110
Event: 21704.430 Thread 0x00000270ca107000 DEOPT UNPACKING pc=0x00000270b255a1af sp=0x0000009814dfdff8 mode 2
Event: 21704.711 Thread 0x00000270ca109800 Uncommon trap: trap_request=0xffffffc6 fr.pc=0x00000270bacc07f8 relative=0x0000000000001118
Event: 21704.711 Thread 0x00000270ca109800 Uncommon trap: reason=bimorphic_or_optimized_type_check action=maybe_recompile pc=0x00000270bacc07f8 method=org.apache.xerces.dom.ElementImpl.normalize()V @ 103 c2
Event: 21704.711 Thread 0x00000270ca109800 DEOPT PACKING pc=0x00000270bacc07f8 sp=0x0000009814afa3f0
Event: 21704.711 Thread 0x00000270ca109800 DEOPT UNPACKING pc=0x00000270b255a1af sp=0x0000009814afa350 mode 2
Event: 21704.711 Thread 0x00000270ca109800 Uncommon trap: trap_request=0xffffffc6 fr.pc=0x00000270bacc07f8 relative=0x0000000000001118
Event: 21704.711 Thread 0x00000270ca109800 Uncommon trap: reason=bimorphic_or_optimized_type_check action=maybe_recompile pc=0x00000270bacc07f8 method=org.apache.xerces.dom.ElementImpl.normalize()V @ 103 c2
Event: 21704.711 Thread 0x00000270ca109800 DEOPT PACKING pc=0x00000270bacc07f8 sp=0x0000009814afa3f0
Event: 21704.711 Thread 0x00000270ca109800 DEOPT UNPACKING pc=0x00000270b255a1af sp=0x0000009814afa350 mode 2
Event: 21704.711 Thread 0x00000270ca109800 Uncommon trap: trap_request=0xffffffc6 fr.pc=0x00000270bacc07cc relative=0x00000000000010ec
Event: 21704.712 Thread 0x00000270ca109800 Uncommon trap: reason=bimorphic_or_optimized_type_check action=maybe_recompile pc=0x00000270bacc07cc method=org.apache.xerces.dom.ElementImpl.normalize()V @ 103 c2
Event: 21704.712 Thread 0x00000270ca109800 DEOPT PACKING pc=0x00000270bacc07cc sp=0x0000009814afa360
Event: 21704.712 Thread 0x00000270ca109800 DEOPT UNPACKING pc=0x00000270b255a1af sp=0x0000009814afa340 mode 2
Event: 21704.712 Thread 0x00000270ca109800 Uncommon trap: trap_request=0xffffffc6 fr.pc=0x00000270bacc07f8 relative=0x0000000000001118
Event: 21704.712 Thread 0x00000270ca109800 Uncommon trap: reason=bimorphic_or_optimized_type_check action=maybe_recompile pc=0x00000270bacc07f8 method=org.apache.xerces.dom.ElementImpl.normalize()V @ 103 c2
Event: 21704.715 Thread 0x00000270ca109800 DEOPT PACKING pc=0x00000270bacc07f8 sp=0x0000009814afa3f0
Event: 21704.715 Thread 0x00000270ca109800 DEOPT UNPACKING pc=0x00000270b255a1af sp=0x0000009814afa350 mode 2

Classes redefined (0 events):
No events

Internal exceptions (20 events):
Event: 21672.739 Thread 0x00000270ca0fd800 Exception <a 'java/lang/NoSuchMethodError'{0x000000008f42abf0}: <clinit>> (0x000000008f42abf0) thrown at [./src/hotspot/share/prims/jni.cpp, line 1365]
Event: 21672.741 Thread 0x00000270d0585000 Exception <a 'java/lang/NoSuchMethodError'{0x000000008f443a88}: <clinit>> (0x000000008f443a88) thrown at [./src/hotspot/share/prims/jni.cpp, line 1365]
Event: 21676.583 Thread 0x00000270ca106800 Exception <a 'java/lang/NoSuchMethodError'{0x0000000091cf9eb8}: <clinit>> (0x0000000091cf9eb8) thrown at [./src/hotspot/share/prims/jni.cpp, line 1365]
Event: 21679.029 Thread 0x00000270d0585000 Exception <a 'java/lang/NoSuchMethodError'{0x00000000907e3f88}: <clinit>> (0x00000000907e3f88) thrown at [./src/hotspot/share/prims/jni.cpp, line 1365]
Event: 21704.217 Thread 0x00000270ca109800 Exception <a 'java/lang/NoSuchMethodError'{0x000000009070a140}: <clinit>> (0x000000009070a140) thrown at [./src/hotspot/share/prims/jni.cpp, line 1365]
Event: 21704.218 Thread 0x00000270ca109800 Exception <a 'java/lang/NoSuchMethodError'{0x000000009071a400}: <clinit>> (0x000000009071a400) thrown at [./src/hotspot/share/prims/jni.cpp, line 1365]
Event: 21704.317 Thread 0x00000270ca109800 Exception <a 'java/lang/NoSuchMethodError'{0x00000000907882a0}: <clinit>> (0x00000000907882a0) thrown at [./src/hotspot/share/prims/jni.cpp, line 1365]
Event: 21704.317 Thread 0x00000270ca109800 Exception <a 'java/lang/NoSuchMethodError'{0x000000009078ae68}: <clinit>> (0x000000009078ae68) thrown at [./src/hotspot/share/prims/jni.cpp, line 1365]
Event: 21704.317 Thread 0x00000270ca109800 Exception <a 'java/lang/NoSuchMethodError'{0x000000009078f848}: <clinit>> (0x000000009078f848) thrown at [./src/hotspot/share/prims/jni.cpp, line 1365]
Event: 21704.318 Thread 0x00000270ca109800 Exception <a 'java/lang/NoSuchMethodError'{0x000000009079afe8}: <clinit>> (0x000000009079afe8) thrown at [./src/hotspot/share/prims/jni.cpp, line 1365]
Event: 21704.333 Thread 0x00000270ca109800 Exception <a 'java/lang/NoSuchMethodError'{0x00000000907f2750}: <clinit>> (0x00000000907f2750) thrown at [./src/hotspot/share/prims/jni.cpp, line 1365]
Event: 21704.340 Thread 0x00000270ca109800 Exception <a 'java/lang/NoSuchMethodError'{0x0000000090624818}: <clinit>> (0x0000000090624818) thrown at [./src/hotspot/share/prims/jni.cpp, line 1365]
Event: 21704.340 Thread 0x00000270ca109800 Exception <a 'java/lang/NoSuchMethodError'{0x0000000090627c80}: <clinit>> (0x0000000090627c80) thrown at [./src/hotspot/share/prims/jni.cpp, line 1365]
Event: 21704.341 Thread 0x00000270ca109800 Exception <a 'java/lang/NoSuchMethodError'{0x000000009062a8f0}: <clinit>> (0x000000009062a8f0) thrown at [./src/hotspot/share/prims/jni.cpp, line 1365]
Event: 21704.343 Thread 0x00000270ca109800 Exception <a 'java/lang/NoSuchMethodError'{0x0000000090642900}: <clinit>> (0x0000000090642900) thrown at [./src/hotspot/share/prims/jni.cpp, line 1365]
Event: 21704.344 Thread 0x00000270ca109800 Exception <a 'java/lang/NoSuchMethodError'{0x0000000090659c20}: <clinit>> (0x0000000090659c20) thrown at [./src/hotspot/share/prims/jni.cpp, line 1365]
Event: 21704.346 Thread 0x00000270ca109800 Exception <a 'java/lang/NoSuchMethodError'{0x000000009066e970}: <clinit>> (0x000000009066e970) thrown at [./src/hotspot/share/prims/jni.cpp, line 1365]
Event: 21704.349 Thread 0x00000270ca109800 Exception <a 'java/lang/NoSuchMethodError'{0x0000000090691418}: <clinit>> (0x0000000090691418) thrown at [./src/hotspot/share/prims/jni.cpp, line 1365]
Event: 21704.352 Thread 0x00000270ca109800 Exception <a 'java/lang/NoSuchMethodError'{0x00000000906b6658}: <clinit>> (0x00000000906b6658) thrown at [./src/hotspot/share/prims/jni.cpp, line 1365]
Event: 21704.353 Thread 0x00000270ca109800 Exception <a 'java/lang/NoSuchMethodError'{0x00000000906cac18}: <clinit>> (0x00000000906cac18) thrown at [./src/hotspot/share/prims/jni.cpp, line 1365]

Events (20 events):
Event: 21704.944 Thread 0x00000270c8626800 flushing nmethod 0x00000270b5f0c510
Event: 21704.944 Thread 0x00000270c8626800 flushing nmethod 0x00000270b5f0dc10
Event: 21704.944 Thread 0x00000270c8626800 flushing nmethod 0x00000270b5f1cf90
Event: 21704.944 Thread 0x00000270c8626800 flushing nmethod 0x00000270b5f1fc90
Event: 21704.944 Thread 0x00000270c8626800 flushing nmethod 0x00000270b5f50410
Event: 21704.945 Thread 0x00000270c8626800 flushing nmethod 0x00000270b5f9b190
Event: 21704.945 Thread 0x00000270c8626800 flushing nmethod 0x00000270b5fab710
Event: 21704.945 Thread 0x00000270c8626800 flushing nmethod 0x00000270b5fdc610
Event: 21704.945 Thread 0x00000270c8626800 flushing nmethod 0x00000270b60ac110
Event: 21704.945 Thread 0x00000270c8626800 flushing nmethod 0x00000270b60ad110
Event: 21704.947 Thread 0x00000270c8626800 flushing nmethod 0x00000270b623f710
Event: 21704.947 Thread 0x00000270c8626800 flushing nmethod 0x00000270b6285210
Event: 21704.947 Thread 0x00000270c8626800 flushing nmethod 0x00000270b6286e10
Event: 21704.947 Thread 0x00000270c8626800 flushing nmethod 0x00000270b6289e10
Event: 21704.947 Thread 0x00000270c8626800 flushing nmethod 0x00000270b628f010
Event: 21704.947 Thread 0x00000270c8626800 flushing nmethod 0x00000270b62a3a10
Event: 21704.947 Thread 0x00000270c8626800 flushing nmethod 0x00000270b62a6610
Event: 21704.947 Thread 0x00000270c8626800 flushing nmethod 0x00000270b62a8210
Event: 21704.947 Thread 0x00000270c8626800 flushing nmethod 0x00000270b62a8d10
Event: 21704.947 Thread 0x00000270c8626800 flushing nmethod 0x00000270b62b3090


Dynamic libraries:
0x00007ff781470000 - 0x00007ff78147a000 	E:\Program Files\Android\Android Studio\jre\bin\java.exe
0x00007ff8075d0000 - 0x00007ff8077c8000 	C:\WINDOWS\SYSTEM32\ntdll.dll
0x00007ff807430000 - 0x00007ff8074ed000 	C:\WINDOWS\System32\KERNEL32.DLL
0x00007ff8050e0000 - 0x00007ff8053ae000 	C:\WINDOWS\System32\KERNELBASE.dll
0x00007ff804f90000 - 0x00007ff805090000 	C:\WINDOWS\System32\ucrtbase.dll
0x00007fffed0c0000 - 0x00007fffed0d9000 	E:\Program Files\Android\Android Studio\jre\bin\jli.dll
0x00007ffffebf0000 - 0x00007ffffec07000 	E:\Program Files\Android\Android Studio\jre\bin\VCRUNTIME140.dll
0x00007ff807090000 - 0x00007ff807230000 	C:\WINDOWS\System32\USER32.dll
0x00007ff805600000 - 0x00007ff805622000 	C:\WINDOWS\System32\win32u.dll
0x00007ffff3430000 - 0x00007ffff36ca000 	C:\WINDOWS\WinSxS\amd64_microsoft.windows.common-controls_6595b64144ccf1df_6.0.19041.1110_none_60b5254171f9507e\COMCTL32.dll
0x00007ff805f30000 - 0x00007ff805f5a000 	C:\WINDOWS\System32\GDI32.dll
0x00007ff805460000 - 0x00007ff80556b000 	C:\WINDOWS\System32\gdi32full.dll
0x00007ff8074f0000 - 0x00007ff80758e000 	C:\WINDOWS\System32\msvcrt.dll
0x00007ff804cf0000 - 0x00007ff804d8d000 	C:\WINDOWS\System32\msvcp_win.dll
0x00007ff807400000 - 0x00007ff807430000 	C:\WINDOWS\System32\IMM32.DLL
0x00007fffecfa0000 - 0x00007fffed03d000 	E:\Program Files\Android\Android Studio\jre\bin\msvcp140.dll
0x00007fffa3dd0000 - 0x00007fffa48b5000 	E:\Program Files\Android\Android Studio\jre\bin\server\jvm.dll
0x00007ff806080000 - 0x00007ff80612e000 	C:\WINDOWS\System32\ADVAPI32.dll
0x00007ff807230000 - 0x00007ff8072cc000 	C:\WINDOWS\System32\sechost.dll
0x00007ff806e40000 - 0x00007ff806f65000 	C:\WINDOWS\System32\RPCRT4.dll
0x00007ff807080000 - 0x00007ff807088000 	C:\WINDOWS\System32\PSAPI.DLL
0x00007fffeaef0000 - 0x00007fffeaef9000 	C:\WINDOWS\SYSTEM32\WSOCK32.dll
0x00007ffff4070000 - 0x00007ffff4097000 	C:\WINDOWS\SYSTEM32\WINMM.dll
0x00007ff806dd0000 - 0x00007ff806e3b000 	C:\WINDOWS\System32\WS2_32.dll
0x00007ffff5b40000 - 0x00007ffff5b4a000 	C:\WINDOWS\SYSTEM32\VERSION.dll
0x00007ff802b00000 - 0x00007ff802b12000 	C:\WINDOWS\SYSTEM32\kernel.appcore.dll
0x00007fffeaeb0000 - 0x00007fffeaec1000 	E:\Program Files\Android\Android Studio\jre\bin\verify.dll
0x00007ffffe3f0000 - 0x00007ffffe5d4000 	C:\WINDOWS\SYSTEM32\DBGHELP.DLL
0x00007ffffdf90000 - 0x00007ffffdfbc000 	C:\WINDOWS\SYSTEM32\dbgcore.DLL
0x00007ff805570000 - 0x00007ff8055f2000 	C:\WINDOWS\System32\bcryptPrimitives.dll
0x00007fffeae80000 - 0x00007fffeaea9000 	E:\Program Files\Android\Android Studio\jre\bin\java.dll
0x00007fffeae70000 - 0x00007fffeae7b000 	E:\Program Files\Android\Android Studio\jre\bin\jimage.dll
0x00007fffead60000 - 0x00007fffead78000 	E:\Program Files\Android\Android Studio\jre\bin\zip.dll
0x00007ff8057e0000 - 0x00007ff805f23000 	C:\WINDOWS\System32\SHELL32.dll
0x00007ff802de0000 - 0x00007ff803575000 	C:\WINDOWS\SYSTEM32\windows.storage.dll
0x00007ff806510000 - 0x00007ff806864000 	C:\WINDOWS\System32\combase.dll
0x00007ff804750000 - 0x00007ff804780000 	C:\WINDOWS\SYSTEM32\Wldp.dll
0x00007ff8063d0000 - 0x00007ff80647d000 	C:\WINDOWS\System32\SHCORE.dll
0x00007ff807020000 - 0x00007ff807075000 	C:\WINDOWS\System32\shlwapi.dll
0x00007ff804c30000 - 0x00007ff804c4f000 	C:\WINDOWS\SYSTEM32\profapi.dll
0x00007fffead40000 - 0x00007fffead5a000 	E:\Program Files\Android\Android Studio\jre\bin\net.dll
0x00007ffff8f50000 - 0x00007ffff905a000 	C:\WINDOWS\SYSTEM32\WINHTTP.dll
0x00007ff8044b0000 - 0x00007ff80451a000 	C:\WINDOWS\system32\mswsock.dll
0x00007fffead20000 - 0x00007fffead34000 	E:\Program Files\Android\Android Studio\jre\bin\nio.dll
0x00007fffee400000 - 0x00007fffee427000 	C:\Users\Admin\.gradle\native\e1d6ef7f7dcc3fd88c89a11ec53ec762bb8ba0a96d01ffa2cd45eb1d1d8dd5c5\windows-amd64\native-platform.dll
0x00007fffd93a0000 - 0x00007fffd94e4000 	C:\Users\Admin\.gradle\native\5664cfc778a61ccfe75a443a1ab52a65af34e5dc3c78e0209fed803814484fcb\windows-amd64\native-platform-file-events.dll
0x00007fffeac90000 - 0x00007fffeac9a000 	E:\Program Files\Android\Android Studio\jre\bin\management.dll
0x00007fffeac80000 - 0x00007fffeac8d000 	E:\Program Files\Android\Android Studio\jre\bin\management_ext.dll
0x00007ff8046b0000 - 0x00007ff8046c8000 	C:\WINDOWS\SYSTEM32\CRYPTSP.dll
0x00007ff803dc0000 - 0x00007ff803df4000 	C:\WINDOWS\system32\rsaenh.dll
0x00007ff804d90000 - 0x00007ff804db7000 	C:\WINDOWS\System32\bcrypt.dll
0x00007ff804bf0000 - 0x00007ff804c1e000 	C:\WINDOWS\SYSTEM32\USERENV.dll
0x00007ff8046a0000 - 0x00007ff8046ac000 	C:\WINDOWS\SYSTEM32\CRYPTBASE.dll
0x00007ff804150000 - 0x00007ff80418b000 	C:\WINDOWS\SYSTEM32\IPHLPAPI.DLL
0x00007ff8057d0000 - 0x00007ff8057d8000 	C:\WINDOWS\System32\NSI.dll
0x00007ffffec10000 - 0x00007ffffec27000 	C:\WINDOWS\SYSTEM32\dhcpcsvc6.DLL
0x00007ffffebc0000 - 0x00007ffffebdd000 	C:\WINDOWS\SYSTEM32\dhcpcsvc.DLL
0x00007ff804190000 - 0x00007ff80425a000 	C:\WINDOWS\SYSTEM32\DNSAPI.dll
0x00007ffffb830000 - 0x00007ffffb84e000 	C:\Users\Admin\AppData\Local\Temp\native-platform16029154239135077880dir\native-platform.dll
0x00007ffffb820000 - 0x00007ffffb828000 	E:\Program Files\Android\Android Studio\jre\bin\rmi.dll
0x00007fffe9e90000 - 0x00007fffe9ea7000 	C:\WINDOWS\system32\napinsp.dll
0x00007fffe9e70000 - 0x00007fffe9e8b000 	C:\WINDOWS\system32\pnrpnsp.dll
0x00007fffe8ad0000 - 0x00007fffe8ae5000 	C:\WINDOWS\system32\wshbth.dll
0x00007fffff530000 - 0x00007fffff54d000 	C:\WINDOWS\system32\NLAapi.dll
0x00007fffe8ab0000 - 0x00007fffe8ac2000 	C:\WINDOWS\System32\winrnr.dll
0x0000000052340000 - 0x0000000052375000 	E:\Program Files\Bonjour\mdnsNSP.dll
0x00007ffff8600000 - 0x00007ffff860a000 	C:\Windows\System32\rasadhlp.dll
0x00007ffff9160000 - 0x00007ffff91e0000 	C:\WINDOWS\System32\fwpuclnt.dll
0x00007fffd0b80000 - 0x00007fffd0ba7000 	E:\Program Files\Android\Android Studio\jre\bin\sunec.dll
0x00007ff8039c0000 - 0x00007ff8039f3000 	C:\WINDOWS\SYSTEM32\ntmarta.dll

dbghelp: loaded successfully - version: 4.0.5 - missing functions: none
symbol engine: initialized successfully - sym options: 0x614 - pdb path: .;E:\Program Files\Android\Android Studio\jre\bin;C:\WINDOWS\SYSTEM32;C:\WINDOWS\WinSxS\amd64_microsoft.windows.common-controls_6595b64144ccf1df_6.0.19041.1110_none_60b5254171f9507e;E:\Program Files\Android\Android Studio\jre\bin\server;C:\Users\Admin\.gradle\native\e1d6ef7f7dcc3fd88c89a11ec53ec762bb8ba0a96d01ffa2cd45eb1d1d8dd5c5\windows-amd64;C:\Users\Admin\.gradle\native\5664cfc778a61ccfe75a443a1ab52a65af34e5dc3c78e0209fed803814484fcb\windows-amd64;C:\Users\Admin\AppData\Local\Temp\native-platform16029154239135077880dir;E:\Program Files\Bonjour

VM Arguments:
jvm_args: --add-opens=java.base/java.util=ALL-UNNAMED --add-opens=java.base/java.lang=ALL-UNNAMED --add-opens=java.base/java.lang.invoke=ALL-UNNAMED --add-opens=java.base/java.util=ALL-UNNAMED --add-opens=java.prefs/java.util.prefs=ALL-UNNAMED --add-opens=java.prefs/java.util.prefs=ALL-UNNAMED --add-opens=java.base/java.nio.charset=ALL-UNNAMED --add-opens=java.base/java.net=ALL-UNNAMED --add-opens=java.base/java.util.concurrent.atomic=ALL-UNNAMED -Xmx2048m -Dfile.encoding=UTF-8 -Duser.country=SV -Duser.language=es -Duser.variant 
java_command: org.gradle.launcher.daemon.bootstrap.GradleDaemon 7.3.3
java_class_path (initial): C:\Users\Admin\.gradle\wrapper\dists\gradle-7.3.3-bin\6a41zxkdtcxs8rphpq6y0069z\gradle-7.3.3\lib\gradle-launcher-7.3.3.jar
Launcher Type: SUN_STANDARD

[Global flags]
     intx CICompilerCount                          = 3                                         {product} {ergonomic}
     uint ConcGCThreads                            = 1                                         {product} {ergonomic}
     uint G1ConcRefinementThreads                  = 4                                         {product} {ergonomic}
   size_t G1HeapRegionSize                         = 1048576                                   {product} {ergonomic}
    uintx GCDrainStackTargetSize                   = 64                                        {product} {ergonomic}
   size_t InitialHeapSize                          = 134217728                                 {product} {ergonomic}
   size_t MarkStackSize                            = 4194304                                   {product} {ergonomic}
   size_t MaxHeapSize                              = 2147483648                                {product} {command line}
   size_t MaxNewSize                               = 1287651328                                {product} {ergonomic}
   size_t MinHeapDeltaBytes                        = 1048576                                   {product} {ergonomic}
    uintx NonNMethodCodeHeapSize                   = 5830732                                {pd product} {ergonomic}
    uintx NonProfiledCodeHeapSize                  = 122913754                              {pd product} {ergonomic}
    uintx ProfiledCodeHeapSize                     = 122913754                              {pd product} {ergonomic}
    uintx ReservedCodeCacheSize                    = 251658240                              {pd product} {ergonomic}
     bool SegmentedCodeCache                       = true                                      {product} {ergonomic}
     bool UseCompressedClassPointers               = true                                 {lp64_product} {ergonomic}
     bool UseCompressedOops                        = true                                 {lp64_product} {ergonomic}
     bool UseG1GC                                  = true                                      {product} {ergonomic}
     bool UseLargePagesIndividualAllocation        = false                                  {pd product} {ergonomic}

Logging:
Log output configuration:
 #0: stdout all=warning uptime,level,tags
 #1: stderr all=off uptime,level,tags

Environment Variables:
JAVA_HOME=C:\Program Files\Java\jdk-11.0.1
PATH=C:\Python310\Scripts\;C:\Python310\;C:\Program Files\Common Files\Oracle\Java\javapath;C:\Python38\Scripts\;C:\Python38\;C:\Program Files (x86)\NVIDIA Corporation\PhysX\Common;C:\Program Files (x86)\Intel\iCLS Client\;C:\Program Files\Intel\iCLS Client\;C:\WINDOWS\system32;C:\WINDOWS;C:\WINDOWS\System32\Wbem;C:\WINDOWS\System32\WindowsPowerShell\v1.0\;C:\WINDOWS\System32\OpenSSH\;C:\Program Files\Intel\Intel(R) Management Engine Components\DAL;C:\Program Files\Intel\Intel(R) Management Engine Components\IPT;C:\Program Files (x86)\Intel\Intel(R) Management Engine Components\DAL;C:\Program Files (x86)\Intel\Intel(R) Management Engine Components\IPT;C:\Program Files\Java\jdk-11.0.1\bin;C:\ProgramData\chocolatey\bin;E:\Git\cmd;C:\Program Files\nodejs\;C:\Users\Admin\AppData\Local\Microsoft\WindowsApps;C:\Users\Admin\AppData\Local\atom\bin;C:\Users\Admin\AppData\Local\Programs\Microsoft VS Code\bin;C:\Program Files\sfdx\bin;C:\Users\Admin\AppData\Local\GitHubDesktop\bin;C:\Users\Admin\AppData\Local\Microsoft\WindowsApps;;E:\Program Files\JetBrains\IntelliJ IDEA 2022.2\bin;;C:\Users\Admin\AppData\Roaming\npm;E:\Program Files\heroku\bin
USERNAME=Admin
OS=Windows_NT
PROCESSOR_IDENTIFIER=Intel64 Family 6 Model 58 Stepping 9, GenuineIntel



---------------  S Y S T E M  ---------------

OS: Windows 10 , 64 bit Build 19041 (10.0.19041.1889)
OS uptime: 0 days 6:17 hours

CPU:total 4 (initial active 4) (2 cores per cpu, 2 threads per core) family 6 model 58 stepping 9 microcode 0x21, cmov, cx8, fxsr, mmx, sse, sse2, sse3, ssse3, sse4.1, sse4.2, popcnt, avx, aes, clmul, erms, ht, tsc, tscinvbit, tscinv

Memory: 4k page, system-wide physical 8071M (600M free)
TotalPageFile size 9843M (AvailPageFile size 15M)
current process WorkingSet (physical memory assigned to process): 588M, peak: 684M
current process commit charge ("private bytes"): 759M, peak: 763M

vm_info: OpenJDK 64-Bit Server VM (11.0.12+7-b1504.28-7817840) for windows-amd64 JRE (11.0.12+7-b1504.28-7817840), built on Oct 13 2021 22:12:33 by "builder" with MS VC++ 14.0 (VS2015)

END.
